  OMP_DYNAMIC = 'FALSE'
  OMP_MAX_ACTIVE_LEVELS = '2147483647'
  OMP_CANCELLATION = 'FALSE'
  OMP_DEFAULT_DEVICE = '0'
SPREAD
OPENMP DISPLAY ENVIRONMENT BEGIN
},
OPENMP DISPLAY ENVIRONMENT BEGIN
  OMP_PLACES = ''
  OMP_MAX_TASK_PRIORITY = '0'
  OMP_DISPLAY_AFFINITY = 'FALSE'
  OMP_AFFINITY_FORMAT = 'level %L thread %i affinity %A'

OPENMP DISPLAY ENVIRONMENT BEGIN
},'
  _OPENMP = '201511'

OPENMP DISPLAY ENVIRONMENT BEGIN
  _OPENMP = '201511'
{  OMP_STACKSIZE = '0'
OPENMP DISPLAY ENVIRONMENT END
  OMP_SCHEDULE = '{  OMP_WAIT_POLICY = 'PASSIVE'
97
OPENMP DISPLAY ENVIRONMENT BEGIN
{921},  _OPENMP = '201511'
  OMP_THREAD_LIMIT = '4294967295'
  OMP_MAX_ACTIVE_LEVELS = '2147483647'
  OMP_CANCELLATION = 'FALSE'
  OMP_DYNAMIC = 'FALSE'
},{{2  _OPENMP = '201511'
  OMP_DYNAMIC = 'FALSE'
},  OMP_DEFAULT_DEVICE = '0'
  OMP_MAX_TASK_PRIORITY = '0'
  OMP_DYNAMIC = 'FALSE'

OPENMP DISPLAY ENVIRONMENT BEGIN

OPENMP DISPLAY ENVIRONMENT BEGIN
  OMP_DISPLAY_AFFINITY = 'FALSE'
  OMP_AFFINITY_FORMAT = 'level %L thread %i affinity %A'
OPENMP DISPLAY ENVIRONMENT END
},  _OPENMP = '201511'
{  OMP_NESTED = 'FALSE'
  OMP_NESTED = 'FALSE'
  _OPENMP = '201511'

OPENMP DISPLAY ENVIRONMENT BEGIN
  OMP_NESTED = 'FALSE'
  _OPENMP = '201511'

OPENMP DISPLAY ENVIRONMENT BEGIN
98  _OPENMP = '201511'
},  OMP_NESTED = 'FALSE'

OPENMP DISPLAY ENVIRONMENT BEGIN
93{DYNAMIC  OMP_NUM_THREADS = '1399  OMP_DYNAMIC = 'FALSE'
  _OPENMP = '201511'
{  _OPENMP = '201511'
  OMP_NUM_THREADS = '12  OMP_DYNAMIC = 'FALSE'
'
  OMP_DYNAMIC = 'FALSE'
'
},  OMP_PLACES = '{{  OMP_DYNAMIC = 'FALSE'
},3  OMP_DYNAMIC = 'FALSE'
  OMP_PROC_BIND = 'SPREAD  OMP_NESTED = 'FALSE'
  OMP_NUM_THREADS = '14  OMP_DYNAMIC = 'FALSE'
},10060{'
  OMP_NESTED = 'FALSE'
'
},{  OMP_NUM_THREADS = '5  OMP_SCHEDULE = ''
{  OMP_NESTED = 'FALSE'
94'
  OMP_PLACES = '{},  OMP_NESTED = 'FALSE'
4'
},  OMP_SCHEDULE = 'DYNAMIC  OMP_NESTED = 'FALSE'
101},{{5  OMP_SCHEDULE = '  OMP_NUM_THREADS = '4{  OMP_NUM_THREADS = '15},  OMP_NUM_THREADS = '18  OMP_DYNAMIC = 'FALSE'
DYNAMIC95  OMP_NESTED = 'FALSE'
29},{61102},},'
  OMP_SCHEDULE = '{'
DYNAMIC},62{  OMP_PROC_BIND = '{'
  OMP_SCHEDULE = ''
'
  OMP_NUM_THREADS = '11103  OMP_NUM_THREADS = '3{  OMP_NUM_THREADS = '17'
  OMP_PROC_BIND = 'SPREAD'
6DYNAMIC  OMP_SCHEDULE = 'DYNAMIC},96},  OMP_SCHEDULE = ''
'
},DYNAMIC  OMP_NESTED = 'FALSE'
{'
},'
  OMP_PROC_BIND = '  OMP_SCHEDULE = '{  OMP_PLACES = '  OMP_NUM_THREADS = '16},  OMP_SCHEDULE = '63'
  OMP_PROC_BIND = 'DYNAMIC'
  OMP_PROC_BIND = ''
{112'
},{SPREAD},  OMP_PROC_BIND = ''
  OMP_PROC_BIND = 'SPREAD{{72DYNAMICSPREADSPREAD{'
  OMP_SCHEDULE = 'DYNAMIC7113},97{20},{25},{},64SPREAD  OMP_PLACES = ''
'
{{},98},},{  OMP_SCHEDULE = ''
34SPREAD  OMP_PLACES = '},{  OMP_PLACES = '},  OMP_PROC_BIND = '{{'
114DYNAMIC{17{  OMP_PLACES = ''
65{'
},107'
},{  OMP_PROC_BIND = '  OMP_PROC_BIND = '{35{73},31},  OMP_PLACES = '  OMP_PLACES = '9100115},{},},SPREAD{10836{DYNAMIC},},SPREAD18},{49{{},'
{  OMP_PLACES = 'SPREAD},{'
101{{11666{10937},{92},{'
},'
},46},},},10  OMP_PLACES = '{{},{102{{  OMP_PROC_BIND = '},{67},11753},},{{{{},110  OMP_PLACES = '74},8019{{47{},SPREAD32118{},},{{},},'
48},{{1191210354111{},{{},},},},{3320{},{{  OMP_PLACES = '{87112685093{},},},{120{},75102{},{54},{{},88104},{},},34},{81{},{},},21{{{},{13{{69{},121},8255},113{},51{103{},},105},7689},},94},82{{{{{},14},},122{},70},106},{},{{562211415{{55{},},{},9590{},},104{},},77},},123{}35{}{{7183'
'
{{115},  OMP_STACKSIZE = '0'
53{{  OMP_STACKSIZE = '0'
},  OMP_WAIT_POLICY = 'PASSIVE'
},{54107},},{83},  OMP_WAIT_POLICY = 'PASSIVE'
  OMP_THREAD_LIMIT = '4294967295'
967264  OMP_MAX_ACTIVE_LEVELS = '2147483647'
56{3619},  OMP_THREAD_LIMIT = '4294967295'
},{},},{78},  OMP_CANCELLATION = 'FALSE'
{{  OMP_MAX_ACTIVE_LEVELS = '2147483647'
23{73  OMP_DEFAULT_DEVICE = '0'
},  OMP_MAX_TASK_PRIORITY = '0'
},116{84},},},},  OMP_DISPLAY_AFFINITY = 'FALSE'
},108  OMP_AFFINITY_FORMAT = 'level %L thread %i affinity %A'
{{},},OPENMP DISPLAY ENVIRONMENT END
{{  OMP_CANCELLATION = 'FALSE'
{{{5737},{  OMP_DEFAULT_DEVICE = '0'
10955117{  OMP_MAX_TASK_PRIORITY = '0'
},},24},74{},118},}{{{75},{76},{},{77110  OMP_DISPLAY_AFFINITY = 'FALSE'
38},{{'
85105{5839},  OMP_AFFINITY_FORMAT = 'level %L thread %i affinity %A'
{  OMP_STACKSIZE = '0'
78},{79}22'
},  OMP_STACKSIZE = '0'
97  OMP_WAIT_POLICY = 'PASSIVE'
{{{},{},},79{6534{106  OMP_THREAD_LIMIT = '4294967295'
},  OMP_MAX_ACTIVE_LEVELS = '2147483647'
},{OPENMP DISPLAY ENVIRONMENT END
},  OMP_CANCELLATION = 'FALSE'
33  OMP_DEFAULT_DEVICE = '0'
84  OMP_MAX_TASK_PRIORITY = '0'
  OMP_DISPLAY_AFFINITY = 'FALSE'
  OMP_AFFINITY_FORMAT = 'level %L thread %i affinity %A'
OPENMP DISPLAY ENVIRONMENT END
},  OMP_WAIT_POLICY = 'PASSIVE'
},},{},{},98{{107},{59},{60},{61},{62{86{},},{},  OMP_THREAD_LIMIT = '4294967295'
},85},},  OMP_MAX_ACTIVE_LEVELS = '2147483647'
{  OMP_CANCELLATION = 'FALSE'
66  OMP_DEFAULT_DEVICE = '0'
  OMP_MAX_TASK_PRIORITY = '0'
  OMP_DISPLAY_AFFINITY = 'FALSE'
  OMP_AFFINITY_FORMAT = 'level %L thread %i affinity %A'
80111{OPENMP DISPLAY ENVIRONMENT END
34},108{{35},},5686{},{},},{{{87{},{{8163{{112},},99},3867{57},11310944},},35},},},{{},3987{},{{},11036},82},},{},{},{{},111114},{},{{37115{{{58},},{59},{60},{61{{},4045100112{{83},},},},},{{{68},{3841{101},64{42},},{113},116{},},8439{{},88{},},},{43},{44},{{88{{{4685{102{},65},114},},},117{4664{},{},86},{69{40{},47},},118},115},89},89},{{{{{103},{},49{70{},47{119},{87},{},65},116{{{90120{},104{48},},{66},},},5048},}121'
},{{},{49},{88},},{{66},50{{{{}6790},{105'
7191117  OMP_STACKSIZE = '0'
91  OMP_STACKSIZE = '0'
  OMP_WAIT_POLICY = 'PASSIVE'
89},},{},  OMP_THREAD_LIMIT = '4294967295'
  OMP_WAIT_POLICY = 'PASSIVE'
{75},  OMP_MAX_ACTIVE_LEVELS = '2147483647'
},  OMP_THREAD_LIMIT = '4294967295'
},{{{},  OMP_MAX_ACTIVE_LEVELS = '2147483647'
  OMP_CANCELLATION = 'FALSE'
{90{{92  OMP_CANCELLATION = 'FALSE'
106},51},  OMP_DEFAULT_DEVICE = '0'
{51{},  OMP_MAX_TASK_PRIORITY = '0'
72},118},{{92},{93},{},},52{{94},{95  OMP_DISPLAY_AFFINITY = 'FALSE'
{{529193},}}  OMP_DEFAULT_DEVICE = '0'
},},11973},{53  OMP_AFFINITY_FORMAT = 'level %L thread %i affinity %A'
{{'
}'
107{  OMP_STACKSIZE = '0'
'
96},},{  OMP_STACKSIZE = '0'
  OMP_STACKSIZE = '0'
},76  OMP_WAIT_POLICY = 'PASSIVE'
}  OMP_MAX_TASK_PRIORITY = '0'
94  OMP_THREAD_LIMIT = '4294967295'
  OMP_WAIT_POLICY = 'PASSIVE'
'
  OMP_WAIT_POLICY = 'PASSIVE'
  OMP_MAX_ACTIVE_LEVELS = '2147483647'
},},{OPENMP DISPLAY ENVIRONMENT END
},  OMP_THREAD_LIMIT = '4294967295'
  OMP_DISPLAY_AFFINITY = 'FALSE'
  OMP_STACKSIZE = '0'
  OMP_MAX_ACTIVE_LEVELS = '2147483647'
  OMP_THREAD_LIMIT = '4294967295'
68{97{  OMP_MAX_ACTIVE_LEVELS = '2147483647'
  OMP_CANCELLATION = 'FALSE'
{  OMP_CANCELLATION = 'FALSE'
  OMP_CANCELLATION = 'FALSE'
{  OMP_AFFINITY_FORMAT = 'level %L thread %i affinity %A'
  OMP_DEFAULT_DEVICE = '0'
},{10874  OMP_DEFAULT_DEVICE = '0'
  OMP_DEFAULT_DEVICE = '0'
  OMP_MAX_TASK_PRIORITY = '0'
69OPENMP DISPLAY ENVIRONMENT END
},  OMP_MAX_TASK_PRIORITY = '0'
77},  OMP_DISPLAY_AFFINITY = 'FALSE'
{  OMP_MAX_TASK_PRIORITY = '0'
  OMP_AFFINITY_FORMAT = 'level %L thread %i affinity %A'
},{95  OMP_DISPLAY_AFFINITY = 'FALSE'
  OMP_WAIT_POLICY = 'PASSIVE'
},{{},75109OPENMP DISPLAY ENVIRONMENT END
  OMP_DISPLAY_AFFINITY = 'FALSE'
{},  OMP_THREAD_LIMIT = '4294967295'
},98},  OMP_AFFINITY_FORMAT = 'level %L thread %i affinity %A'
  OMP_AFFINITY_FORMAT = 'level %L thread %i affinity %A'
{78OPENMP DISPLAY ENVIRONMENT END
},{  OMP_MAX_ACTIVE_LEVELS = '2147483647'
{70{OPENMP DISPLAY ENVIRONMENT END
},},11099},96{{},71111  OMP_CANCELLATION = 'FALSE'
{}},}'
7679},{{},'
  OMP_STACKSIZE = '0'
  OMP_DEFAULT_DEVICE = '0'
{  OMP_STACKSIZE = '0'
  OMP_WAIT_POLICY = 'PASSIVE'
100},97{77  OMP_WAIT_POLICY = 'PASSIVE'
},  OMP_THREAD_LIMIT = '4294967295'
  OMP_MAX_TASK_PRIORITY = '0'
{  OMP_THREAD_LIMIT = '4294967295'
  OMP_MAX_ACTIVE_LEVELS = '2147483647'
80  OMP_DISPLAY_AFFINITY = 'FALSE'
  OMP_MAX_ACTIVE_LEVELS = '2147483647'
  OMP_CANCELLATION = 'FALSE'
{101  OMP_DEFAULT_DEVICE = '0'
  OMP_AFFINITY_FORMAT = 'level %L thread %i affinity %A'
},{  OMP_CANCELLATION = 'FALSE'
  OMP_MAX_TASK_PRIORITY = '0'
OPENMP DISPLAY ENVIRONMENT END
98}  OMP_DEFAULT_DEVICE = '0'
81},'
  OMP_DISPLAY_AFFINITY = 'FALSE'
{  OMP_MAX_TASK_PRIORITY = '0'
  OMP_AFFINITY_FORMAT = 'level %L thread %i affinity %A'
},  OMP_DISPLAY_AFFINITY = 'FALSE'
OPENMP DISPLAY ENVIRONMENT END
78  OMP_AFFINITY_FORMAT = 'level %L thread %i affinity %A'
OPENMP DISPLAY ENVIRONMENT END
{}},  OMP_STACKSIZE = '0'
{'
99  OMP_WAIT_POLICY = 'PASSIVE'
79  OMP_THREAD_LIMIT = '4294967295'
}  OMP_STACKSIZE = '0'
}  OMP_MAX_ACTIVE_LEVELS = '2147483647'
'
  OMP_WAIT_POLICY = 'PASSIVE'
'
  OMP_CANCELLATION = 'FALSE'
  OMP_STACKSIZE = '0'
  OMP_THREAD_LIMIT = '4294967295'
  OMP_STACKSIZE = '0'
  OMP_DEFAULT_DEVICE = '0'
  OMP_WAIT_POLICY = 'PASSIVE'
  OMP_MAX_ACTIVE_LEVELS = '2147483647'
  OMP_THREAD_LIMIT = '4294967295'
  OMP_MAX_TASK_PRIORITY = '0'
  OMP_WAIT_POLICY = 'PASSIVE'
  OMP_CANCELLATION = 'FALSE'
  OMP_MAX_ACTIVE_LEVELS = '2147483647'
  OMP_DISPLAY_AFFINITY = 'FALSE'
  OMP_THREAD_LIMIT = '4294967295'
  OMP_DEFAULT_DEVICE = '0'
  OMP_CANCELLATION = 'FALSE'
  OMP_AFFINITY_FORMAT = 'level %L thread %i affinity %A'
  OMP_DEFAULT_DEVICE = '0'
  OMP_MAX_TASK_PRIORITY = '0'
  OMP_MAX_TASK_PRIORITY = '0'
OPENMP DISPLAY ENVIRONMENT END
  OMP_DISPLAY_AFFINITY = 'FALSE'
  OMP_DISPLAY_AFFINITY = 'FALSE'
  OMP_AFFINITY_FORMAT = 'level %L thread %i affinity %A'
  OMP_AFFINITY_FORMAT = 'level %L thread %i affinity %A'
OPENMP DISPLAY ENVIRONMENT END
OPENMP DISPLAY ENVIRONMENT END
  OMP_MAX_ACTIVE_LEVELS = '2147483647'
  OMP_CANCELLATION = 'FALSE'
  OMP_DEFAULT_DEVICE = '0'
  OMP_MAX_TASK_PRIORITY = '0'
  OMP_DISPLAY_AFFINITY = 'FALSE'
  OMP_AFFINITY_FORMAT = 'level %L thread %i affinity %A'
OPENMP DISPLAY ENVIRONMENT END
