'
{'
'
  OMP_PROC_BIND = '  OMP_SCHEDULE = '},{{  OMP_PLACES = '},  OMP_SCHEDULE = '  OMP_PROC_BIND = '  OMP_NUM_THREADS = '950102SPREADDYNAMICSPREAD},{'
'
  OMP_PROC_BIND = 'SPREAD'
{},107{},4},'
'
70
OPENMP DISPLAY ENVIRONMENT BEGIN
69DYNAMIC},{  OMP_PLACES = '{  OMP_PLACES = '  OMP_PLACES = '{},
OPENMP DISPLAY ENVIRONMENT BEGIN
  OMP_SCHEDULE = '51{108{'
'
{},{{  _OPENMP = '201511'
5},{8581103},70  OMP_SCHEDULE = 'DYNAMIC},},},{{109DYNAMIC  OMP_PROC_BIND = '},SPREAD{'
6},{34  _OPENMP = '201511'
},{  OMP_PROC_BIND = '86SPREAD
OPENMP DISPLAY ENVIRONMENT BEGIN
},
OPENMP DISPLAY ENVIRONMENT BEGIN
{110{{52'
827},},'
},},  OMP_PLACES = '},{
OPENMP DISPLAY ENVIRONMENT BEGIN
{{35104{{  OMP_PROC_BIND = ''
{111  _OPENMP = '201511'
{8720},53  OMP_PLACES = '},83  OMP_DYNAMIC = 'FALSE'
},},{71{  _OPENMP = '201511'
  OMP_NESTED = 'FALSE'
SPREAD},112},25},},},44  OMP_DYNAMIC = 'FALSE'
{{{{{},{  OMP_NUM_THREADS = '16  OMP_DYNAMIC = 'FALSE'
{{{113  OMP_DYNAMIC = 'FALSE'
  _OPENMP = '201511'
34},88105  OMP_NESTED = 'FALSE'
8457},},{72},54},},36},},'
{11435},{},},},{{5837{},{{106{  OMP_NESTED = 'FALSE'
36{  OMP_SCHEDULE = '  OMP_NUM_THREADS = '15},},},115  OMP_DYNAMIC = 'FALSE'
101  OMP_NUM_THREADS = '19{},'
{4573},{  OMP_NESTED = 'FALSE'
{37{{'
55},116},71{},{{85'
},},  OMP_NESTED = 'FALSE'
{},461177438{},},},{102{{  OMP_SCHEDULE = '{47118{},  OMP_NUM_THREADS = '1486  OMP_PLACES = '},4659},}{},{},},  OMP_NUM_THREADS = '18{39'
56{'
},107},{48  OMP_STACKSIZE = '0'
{DYNAMIC{103{},  OMP_WAIT_POLICY = 'PASSIVE'
},57{87108},{{  OMP_THREAD_LIMIT = '4294967295'
},{7587  OMP_MAX_ACTIVE_LEVELS = '2147483647'
'
{},{},  OMP_CANCELLATION = 'FALSE'
58{  OMP_PROC_BIND = '60},},{  OMP_SCHEDULE = '104  OMP_SCHEDULE = '},{  OMP_DEFAULT_DEVICE = '0'
},47'
88  OMP_MAX_TASK_PRIORITY = '0'
{10959{},},{72},},},  OMP_DISPLAY_AFFINITY = 'FALSE'
{{},10540DYNAMIC{},{  OMP_AFFINITY_FORMAT = 'level %L thread %i affinity %A'
60},SPREAD88DYNAMIC},89},OPENMP DISPLAY ENVIRONMENT END
76{90{},},}'
  OMP_STACKSIZE = '0'
  OMP_WAIT_POLICY = 'PASSIVE'
  OMP_THREAD_LIMIT = '4294967295'
  OMP_MAX_ACTIVE_LEVELS = '2147483647'
{  OMP_CANCELLATION = 'FALSE'
{{{110{},  OMP_DEFAULT_DEVICE = '0'
  OMP_MAX_TASK_PRIORITY = '0'
  OMP_DISPLAY_AFFINITY = 'FALSE'
},'
  OMP_AFFINITY_FORMAT = 'level %L thread %i affinity %A'
OPENMP DISPLAY ENVIRONMENT END
{8950{},{106416169},77},51  OMP_SCHEDULE = '},},'
{},{{107{},'
70{},103},},DYNAMIC90{111{},},},{42108},  OMP_PROC_BIND = '{62DYNAMIC{SPREAD{9178{109{{},55},},  OMP_PLACES = '112},{{79},},{104{56},},{{63},73},{{},92},'
'
{4371{{113},57  OMP_PROC_BIND = '110  OMP_PROC_BIND = '},},{7994{},{72{'
},},10593  OMP_PLACES = '},{46SPREAD},},{},{45{},},95},{{11180{47},{},},114{'
},{{{  OMP_PLACES = '105{{58{},{9448},112}},{95'
{46{106},},73},49{  OMP_PROC_BIND = '},SPREAD  OMP_STACKSIZE = '0'
{96SPREAD},113{{},9674{},},{},5085{},},115114{{},59{{51},{74{},97},52},},{{75},106  OMP_WAIT_POLICY = 'PASSIVE'
97},{{},11553'
{},116{  OMP_THREAD_LIMIT = '4294967295'
},{'
},},{},98{},},{6076{54{},116},99{{}  OMP_MAX_ACTIVE_LEVELS = '2147483647'
},117  OMP_CANCELLATION = 'FALSE'
56'
},{{98  OMP_STACKSIZE = '0'
},  OMP_PLACES = '}77  OMP_WAIT_POLICY = 'PASSIVE'
  OMP_DEFAULT_DEVICE = '0'
},100{{{  OMP_MAX_TASK_PRIORITY = '0'
{61118'
}{  OMP_THREAD_LIMIT = '4294967295'
  OMP_DISPLAY_AFFINITY = 'FALSE'
75},'
{119  OMP_STACKSIZE = '0'
  OMP_MAX_ACTIVE_LEVELS = '2147483647'
  OMP_STACKSIZE = '0'
{},},47},{78  OMP_CANCELLATION = 'FALSE'
},{  OMP_WAIT_POLICY = 'PASSIVE'
{62107},  OMP_THREAD_LIMIT = '4294967295'
  OMP_MAX_ACTIVE_LEVELS = '2147483647'
  OMP_CANCELLATION = 'FALSE'
  OMP_DEFAULT_DEVICE = '0'
  OMP_MAX_TASK_PRIORITY = '0'
  OMP_DEFAULT_DEVICE = '0'
  OMP_DISPLAY_AFFINITY = 'FALSE'
  OMP_PLACES = '  OMP_WAIT_POLICY = 'PASSIVE'
79},  OMP_AFFINITY_FORMAT = 'level %L thread %i affinity %A'
  OMP_THREAD_LIMIT = '4294967295'
  OMP_MAX_TASK_PRIORITY = '0'
{OPENMP DISPLAY ENVIRONMENT END
  OMP_DISPLAY_AFFINITY = 'FALSE'
},107{},  OMP_AFFINITY_FORMAT = 'level %L thread %i affinity %A'
},120},{  OMP_MAX_ACTIVE_LEVELS = '2147483647'
{  OMP_AFFINITY_FORMAT = 'level %L thread %i affinity %A'
  OMP_CANCELLATION = 'FALSE'
{  OMP_DEFAULT_DEVICE = '0'
80},{81},{82},{83},OPENMP DISPLAY ENVIRONMENT END
{24  OMP_MAX_TASK_PRIORITY = '0'
}{84OPENMP DISPLAY ENVIRONMENT END
7699{63}'
  OMP_DISPLAY_AFFINITY = 'FALSE'
  OMP_STACKSIZE = '0'
108},},  OMP_WAIT_POLICY = 'PASSIVE'
  OMP_THREAD_LIMIT = '4294967295'
  OMP_AFFINITY_FORMAT = 'level %L thread %i affinity %A'
  OMP_MAX_ACTIVE_LEVELS = '2147483647'
  OMP_CANCELLATION = 'FALSE'
  OMP_DEFAULT_DEVICE = '0'
{  OMP_MAX_TASK_PRIORITY = '0'
  OMP_DISPLAY_AFFINITY = 'FALSE'
OPENMP DISPLAY ENVIRONMENT END
  OMP_AFFINITY_FORMAT = 'level %L thread %i affinity %A'
OPENMP DISPLAY ENVIRONMENT END
'
  OMP_STACKSIZE = '0'
{  OMP_WAIT_POLICY = 'PASSIVE'
64  OMP_THREAD_LIMIT = '4294967295'
},},{  OMP_MAX_ACTIVE_LEVELS = '2147483647'
{{  OMP_CANCELLATION = 'FALSE'
  OMP_DEFAULT_DEVICE = '0'
},  OMP_MAX_TASK_PRIORITY = '0'
  OMP_DISPLAY_AFFINITY = 'FALSE'
  OMP_AFFINITY_FORMAT = 'level %L thread %i affinity %A'
OPENMP DISPLAY ENVIRONMENT END
65480{},},77109},{86},},66{{{},},110{{{},4967},},},1001{},68},{108}78111{'
},},{  OMP_STACKSIZE = '0'
},{{  OMP_WAIT_POLICY = 'PASSIVE'
211250},{{{  OMP_THREAD_LIMIT = '4294967295'
79  OMP_MAX_ACTIVE_LEVELS = '2147483647'
},113},109  OMP_CANCELLATION = 'FALSE'
87},},  OMP_DEFAULT_DEVICE = '0'
},{{  OMP_MAX_TASK_PRIORITY = '0'
},114},  OMP_DISPLAY_AFFINITY = 'FALSE'
{},{  OMP_AFFINITY_FORMAT = 'level %L thread %i affinity %A'
3{110115{},80OPENMP DISPLAY ENVIRONMENT END
{{},116},},51{},{{117{},10125{},{11888},},{{{},11981},{},120{},},1024{52121}{},},26{{122{111}'
{},'
53  OMP_STACKSIZE = '0'
{  OMP_STACKSIZE = '0'
},  OMP_WAIT_POLICY = 'PASSIVE'
},  OMP_THREAD_LIMIT = '4294967295'
  OMP_WAIT_POLICY = 'PASSIVE'
5  OMP_MAX_ACTIVE_LEVELS = '2147483647'
},  OMP_CANCELLATION = 'FALSE'
82  OMP_DEFAULT_DEVICE = '0'
{  OMP_MAX_TASK_PRIORITY = '0'
{  OMP_DISPLAY_AFFINITY = 'FALSE'
},  OMP_AFFINITY_FORMAT = 'level %L thread %i affinity %A'
112  OMP_THREAD_LIMIT = '4294967295'
},OPENMP DISPLAY ENVIRONMENT END
89  OMP_MAX_ACTIVE_LEVELS = '2147483647'
6  OMP_CANCELLATION = 'FALSE'
{  OMP_DEFAULT_DEVICE = '0'
},  OMP_MAX_TASK_PRIORITY = '0'
{  OMP_DISPLAY_AFFINITY = 'FALSE'
{  OMP_AFFINITY_FORMAT = 'level %L thread %i affinity %A'
54OPENMP DISPLAY ENVIRONMENT END
},{11383},},},{55{},7},{{{114},},{115},{116},{117},9012},{{56{},{91},{118},27},},{{{13},{{2811992},1457},},},{29},{{{30},{15},{84{}93},31{9458},},16'
},},  OMP_STACKSIZE = '0'
{},{1759},  OMP_WAIT_POLICY = 'PASSIVE'
  OMP_THREAD_LIMIT = '4294967295'
{95},{96},{97},{{},32},{18{98  OMP_MAX_ACTIVE_LEVELS = '2147483647'
{120  OMP_CANCELLATION = 'FALSE'
},},},{{{  OMP_DEFAULT_DEVICE = '0'
3319{60  OMP_MAX_TASK_PRIORITY = '0'
},{121},},20},{99122{},{{21},{},{100  OMP_DISPLAY_AFFINITY = 'FALSE'
  OMP_AFFINITY_FORMAT = 'level %L thread %i affinity %A'
OPENMP DISPLAY ENVIRONMENT END
12361},},},{124}'
  OMP_STACKSIZE = '0'
{  OMP_WAIT_POLICY = 'PASSIVE'
},34{  OMP_THREAD_LIMIT = '4294967295'
  OMP_MAX_ACTIVE_LEVELS = '2147483647'
  OMP_CANCELLATION = 'FALSE'
  OMP_DEFAULT_DEVICE = '0'
  OMP_MAX_TASK_PRIORITY = '0'
101},},22},{  OMP_DISPLAY_AFFINITY = 'FALSE'
{62  OMP_AFFINITY_FORMAT = 'level %L thread %i affinity %A'
102OPENMP DISPLAY ENVIRONMENT END
{{},35},23},{103},{104{}'
  OMP_STACKSIZE = '0'
  OMP_WAIT_POLICY = 'PASSIVE'
  OMP_THREAD_LIMIT = '4294967295'
  OMP_MAX_ACTIVE_LEVELS = '2147483647'
{}'
  OMP_CANCELLATION = 'FALSE'
  OMP_DEFAULT_DEVICE = '0'
  OMP_MAX_TASK_PRIORITY = '0'
63  OMP_DISPLAY_AFFINITY = 'FALSE'
36},  OMP_STACKSIZE = '0'
  OMP_WAIT_POLICY = 'PASSIVE'
  OMP_THREAD_LIMIT = '4294967295'
},{  OMP_MAX_ACTIVE_LEVELS = '2147483647'
  OMP_AFFINITY_FORMAT = 'level %L thread %i affinity %A'
64{37OPENMP DISPLAY ENVIRONMENT END
},}{38},{39  OMP_CANCELLATION = 'FALSE'
'
  OMP_DEFAULT_DEVICE = '0'
  OMP_MAX_TASK_PRIORITY = '0'
},{40  OMP_DISPLAY_AFFINITY = 'FALSE'
},  OMP_AFFINITY_FORMAT = 'level %L thread %i affinity %A'
{41},{OPENMP DISPLAY ENVIRONMENT END
  OMP_STACKSIZE = '0'
42},{43}'
  OMP_STACKSIZE = '0'
  OMP_WAIT_POLICY = 'PASSIVE'
  OMP_THREAD_LIMIT = '4294967295'
  OMP_MAX_ACTIVE_LEVELS = '2147483647'
  OMP_CANCELLATION = 'FALSE'
  OMP_DEFAULT_DEVICE = '0'
  OMP_MAX_TASK_PRIORITY = '0'
  OMP_DISPLAY_AFFINITY = 'FALSE'
  OMP_AFFINITY_FORMAT = 'level %L thread %i affinity %A'
OPENMP DISPLAY ENVIRONMENT END
  OMP_WAIT_POLICY = 'PASSIVE'
  OMP_THREAD_LIMIT = '4294967295'
  OMP_MAX_ACTIVE_LEVELS = '2147483647'
  OMP_CANCELLATION = 'FALSE'
  OMP_DEFAULT_DEVICE = '0'
  OMP_MAX_TASK_PRIORITY = '0'
  OMP_DISPLAY_AFFINITY = 'FALSE'
  OMP_AFFINITY_FORMAT = 'level %L thread %i affinity %A'
OPENMP DISPLAY ENVIRONMENT END
