
OPENMP DISPLAY ENVIRONMENT BEGIN
  _OPENMP = '201511'
  OMP_DYNAMIC = 'FALSE'
  OMP_NESTED = 'FALSE'
  OMP_NUM_THREADS = '20'
  OMP_SCHEDULE = 'DYNAMIC'
  OMP_PROC_BIND = 'SPREAD'
  OMP_PLACES = '{40},{41},{42},{43},{87},{88},{89},{90},{91},{92},{93},{94},{95},{96},{97},{98},{99},{100},{101},{102}'
  OMP_STACKSIZE = '0'
  OMP_WAIT_POLICY = 'PASSIVE'
  OMP_THREAD_LIMIT = '4294967295'
  OMP_MAX_ACTIVE_LEVELS = '2147483647'
  OMP_CANCELLATION = 'FALSE'
  OMP_DEFAULT_DEVICE = '0'
  OMP_MAX_TASK_PRIORITY = '0'
  OMP_DISPLAY_AFFINITY = 'FALSE'
  OMP_AFFINITY_FORMAT = 'level %L thread %i affinity %A'
OPENMP DISPLAY ENVIRONMENT END
slurmstepd: error: *** JOB 39571666 ON n0191 CANCELLED AT 2025-10-29T15:11:43 DUE TO TIME LIMIT ***
slurmstepd: error: *** JOB 39571670 ON n0192 CANCELLED AT 2025-10-29T15:11:43 DUE TO TIME LIMIT ***
slurmstepd: error: *** JOB 39571667 ON n0192 CANCELLED AT 2025-10-29T15:11:43 DUE TO TIME LIMIT ***
slurmstepd: error: *** JOB 39571668 ON n0192 CANCELLED AT 2025-10-29T15:11:43 DUE TO TIME LIMIT ***
slurmstepd: error: *** JOB 39571669 ON n0192 CANCELLED AT 2025-10-29T15:11:43 DUE TO TIME LIMIT ***
slurmstepd: error: *** JOB 39571671 ON n0192 CANCELLED AT 2025-10-29T15:11:43 DUE TO TIME LIMIT ***
slurmstepd: error: *** JOB 39571672 ON n0192 CANCELLED AT 2025-10-29T15:12:13 DUE TO TIME LIMIT ***
slurmstepd: error: *** JOB 39571673 ON n0185 CANCELLED AT 2025-10-29T15:13:13 DUE TO TIME LIMIT ***
slurmstepd: error: *** JOB 39571675 ON n0184 CANCELLED AT 2025-10-29T15:13:44 DUE TO TIME LIMIT ***
slurmstepd: error: *** JOB 39571676 ON n0180 CANCELLED AT 2025-10-29T15:14:13 DUE TO TIME LIMIT ***
slurmstepd: error: *** JOB 39571678 ON n0185 CANCELLED AT 2025-10-29T15:16:13 DUE TO TIME LIMIT ***
slurmstepd: error: *** JOB 39571681 ON n0191 CANCELLED AT 2025-10-29T15:19:13 DUE TO TIME LIMIT ***
slurmstepd: error: *** JOB 39571687 ON n0191 CANCELLED AT 2025-10-29T15:20:12 DUE TO TIME LIMIT ***
slurmstepd: error: *** JOB 39571686 ON n0180 CANCELLED AT 2025-10-29T15:20:13 DUE TO TIME LIMIT ***
slurmstepd: error: *** JOB 39571699 ON n0180 CANCELLED AT 2025-10-29T15:21:14 DUE TO TIME LIMIT ***
slurmstepd: error: *** JOB 39571623 ON n0185 CANCELLED AT 2025-10-29T15:22:43 DUE TO TIME LIMIT ***
