  OMP_DYNAMIC = 'FALSE'
},{84  _OPENMP = '201511'
  OMP_NESTED = 'FALSE'
{  _OPENMP = '201511'
  OMP_SCHEDULE = '},
OPENMP DISPLAY ENVIRONMENT BEGIN
57  OMP_DYNAMIC = 'FALSE'
'
}  OMP_DYNAMIC = 'FALSE'
  OMP_NUM_THREADS = '13{'
  OMP_DYNAMIC = 'FALSE'
DYNAMIC85  _OPENMP = '201511'

OPENMP DISPLAY ENVIRONMENT BEGIN
  OMP_STACKSIZE = '0'
  OMP_DYNAMIC = 'FALSE'
  OMP_DYNAMIC = 'FALSE'
},{86  OMP_DYNAMIC = 'FALSE'
  OMP_SCHEDULE = '  OMP_NESTED = 'FALSE'

OPENMP DISPLAY ENVIRONMENT BEGIN
  OMP_WAIT_POLICY = 'PASSIVE'
  OMP_DYNAMIC = 'FALSE'
'
  OMP_DYNAMIC = 'FALSE'
DYNAMIC  OMP_NESTED = 'FALSE'
},{87  OMP_THREAD_LIMIT = '4294967295'
  _OPENMP = '201511'
  _OPENMP = '201511'
},{  OMP_MAX_ACTIVE_LEVELS = '2147483647'
'
  OMP_SCHEDULE = '  OMP_PROC_BIND = ''
88}'
  OMP_STACKSIZE = '0'
  OMP_WAIT_POLICY = 'PASSIVE'
  OMP_CANCELLATION = 'FALSE'
  OMP_NESTED = 'FALSE'
  OMP_NESTED = 'FALSE'
  OMP_DEFAULT_DEVICE = '0'
  OMP_NESTED = 'FALSE'
  _OPENMP = '201511'
SPREAD  OMP_NESTED = 'FALSE'
  OMP_DYNAMIC = 'FALSE'
  OMP_NUM_THREADS = '19  OMP_DYNAMIC = 'FALSE'
  OMP_THREAD_LIMIT = '4294967295'
  OMP_MAX_ACTIVE_LEVELS = '2147483647'
  OMP_CANCELLATION = 'FALSE'
'
  OMP_NESTED = 'FALSE'
  OMP_MAX_TASK_PRIORITY = '0'
DYNAMIC  OMP_NUM_THREADS = '6  OMP_NUM_THREADS = '3  OMP_PLACES = '  OMP_NUM_THREADS = '5  OMP_DEFAULT_DEVICE = '0'
  OMP_MAX_TASK_PRIORITY = '0'
  OMP_DISPLAY_AFFINITY = 'FALSE'
  OMP_AFFINITY_FORMAT = 'level %L thread %i affinity %A'
OPENMP DISPLAY ENVIRONMENT END
  OMP_DISPLAY_AFFINITY = 'FALSE'
  OMP_PROC_BIND = '  OMP_DYNAMIC = 'FALSE'
'
  OMP_NUM_THREADS = '1  OMP_AFFINITY_FORMAT = 'level %L thread %i affinity %A'
{'
  OMP_NESTED = 'FALSE'
OPENMP DISPLAY ENVIRONMENT END
  OMP_PROC_BIND = ''
'
  OMP_NESTED = 'FALSE'
69'
  OMP_NUM_THREADS = '17},  OMP_NESTED = 'FALSE'
  OMP_NESTED = 'FALSE'
SPREAD  OMP_NUM_THREADS = '15  OMP_NESTED = 'FALSE'
SPREAD'
  OMP_SCHEDULE = '{  OMP_SCHEDULE = ''
  OMP_NUM_THREADS = '2'
  OMP_SCHEDULE = '70DYNAMIC  OMP_SCHEDULE = '  OMP_NUM_THREADS = '18  OMP_SCHEDULE = '  OMP_SCHEDULE = ''
  OMP_PLACES = 'DYNAMIC'
DYNAMIC},'
'
DYNAMIC  OMP_SCHEDULE = 'DYNAMIC  OMP_NUM_THREADS = '4  OMP_SCHEDULE = '  OMP_PROC_BIND = '{  OMP_NUM_THREADS = '14{  OMP_NUM_THREADS = '16DYNAMIC  OMP_SCHEDULE = ''
10471DYNAMIC  OMP_PLACES = ''
},{'
'
'
DYNAMIC{'
'
'
'
},DYNAMIC73'
{  OMP_PROC_BIND = '44  OMP_SCHEDULE = '  OMP_PROC_BIND = '  OMP_PROC_BIND = '},  OMP_SCHEDULE = '},SPREAD105SPREAD{  OMP_SCHEDULE = ''
{  OMP_PROC_BIND = '74SPREADSPREAD},},DYNAMIC{{75  OMP_PROC_BIND = 'DYNAMIC'
45'
  OMP_PROC_BIND = '},106{},  OMP_PROC_BIND = ''
},76'
SPREADDYNAMIC'
  OMP_PLACES = '  OMP_PLACES = 'SPREAD},  OMP_PLACES = '  OMP_PROC_BIND = '{{{107'
7746},{},  OMP_PROC_BIND = 'SPREAD{'
78'
},SPREADSPREADSPREAD{{'
{},'
  OMP_PLACES = '  OMP_PLACES = ''
  OMP_PROC_BIND = '4740'
'
{},{106SPREAD  OMP_PLACES = '  OMP_PLACES = '{'
{{'
{0108{50},},79  OMP_PLACES = '  OMP_PLACES = '  OMP_PROC_BIND = '},  OMP_PLACES = '},100{SPREAD},{{{0{{94{5124109},},},{{{},},869555},107{1'
66},{  OMP_PLACES = '{},110},  OMP_PLACES = '},80{},{},},96{{56108},{46{},{1111101},{},9757{},{81},41{},},{2},{},{112},60},58},},},2025{},{{{{{{},{98{591133},},{{},{{},{8760{{{},2478211410999{},},},{},42},67},},},{{6126{1154},},},},100{},61{},{116{{},62},},{{{101{110{102{{117},},},},{63},27214843{{},},102{8883118},64},},},{{3{{103},{{62{},},},},{{65119103{49}},68},'
},{  OMP_STACKSIZE = '0'
{4},},1111202266},{{  OMP_WAIT_POLICY = 'PASSIVE'
},},{},{{5},{  OMP_THREAD_LIMIT = '4294967295'
},{{},84{},{{28  OMP_MAX_ACTIVE_LEVELS = '2147483647'
},69112121{67{89  OMP_CANCELLATION = 'FALSE'
},50},{5},6  OMP_DEFAULT_DEVICE = '0'
{  OMP_MAX_TASK_PRIORITY = '0'
},44},63122  OMP_DISPLAY_AFFINITY = 'FALSE'
{},{},},68},},  OMP_AFFINITY_FORMAT = 'level %L thread %i affinity %A'
{{23{},29{{7},{885{45}},123{'
104},OPENMP DISPLAY ENVIRONMENT END
},51{}{  OMP_STACKSIZE = '0'
'
{90},  OMP_STACKSIZE = '0'
},113  OMP_WAIT_POLICY = 'PASSIVE'
{  OMP_WAIT_POLICY = 'PASSIVE'
  OMP_THREAD_LIMIT = '4294967295'
},70  OMP_MAX_ACTIVE_LEVELS = '2147483647'
30  OMP_CANCELLATION = 'FALSE'
  OMP_DEFAULT_DEVICE = '0'
  OMP_MAX_TASK_PRIORITY = '0'
  OMP_DISPLAY_AFFINITY = 'FALSE'
},  OMP_AFFINITY_FORMAT = 'level %L thread %i affinity %A'
{64  OMP_THREAD_LIMIT = '4294967295'
},OPENMP DISPLAY ENVIRONMENT END
  OMP_MAX_ACTIVE_LEVELS = '2147483647'
{{{  OMP_CANCELLATION = 'FALSE'
  OMP_DEFAULT_DEVICE = '0'
  OMP_MAX_TASK_PRIORITY = '0'
  OMP_DISPLAY_AFFINITY = 'FALSE'
  OMP_AFFINITY_FORMAT = 'level %L thread %i affinity %A'
OPENMP DISPLAY ENVIRONMENT END
},9{},},},3146{},521056},},{{},9186},65},{{{},},{10{{{4753},},{},{{106},{10711487{},92},},{},{{},7108321171{5424{},},},},{{{{},66},{},48{1293},115},55{1288},{},},{},109},13{},{},{{{{33},{34},},11625{11056},94{13},{14},{15},{16},{{49},{{67},},8935},{14{},},},17{{{{111117},95{},},36},},{{{},9018{},15{{7226{50{},57112},},37},9668},},},{},{{},{{{51},{{16382719},{20},},113},{118},},{},{{},{177391{{},},{},11911439{},69},52{},{},40},21{97{},},},28},{{{{},{},74{2270{{{{58184129},9212053},},{},},},},98{},},23{{{},71{{3019{115{5442},},},121{{75},},116{},}}{93'
'
},},99{{{4372122},  OMP_STACKSIZE = '0'
  OMP_STACKSIZE = '0'
}{  OMP_WAIT_POLICY = 'PASSIVE'
117'
{{  OMP_THREAD_LIMIT = '4294967295'
55},31  OMP_MAX_ACTIVE_LEVELS = '2147483647'
},  OMP_STACKSIZE = '0'
},{},123{  OMP_CANCELLATION = 'FALSE'
{  OMP_WAIT_POLICY = 'PASSIVE'
  OMP_WAIT_POLICY = 'PASSIVE'
5956  OMP_DEFAULT_DEVICE = '0'
118},},  OMP_MAX_TASK_PRIORITY = '0'
},},},},94{  OMP_DISPLAY_AFFINITY = 'FALSE'
73  OMP_AFFINITY_FORMAT = 'level %L thread %i affinity %A'
{OPENMP DISPLAY ENVIRONMENT END
{  OMP_THREAD_LIMIT = '4294967295'
},{{{11960  OMP_THREAD_LIMIT = '4294967295'
},57},}{},  OMP_MAX_ACTIVE_LEVELS = '2147483647'
  OMP_MAX_ACTIVE_LEVELS = '2147483647'
{{{},32  OMP_CANCELLATION = 'FALSE'
74  OMP_DEFAULT_DEVICE = '0'
  OMP_CANCELLATION = 'FALSE'
100'
  OMP_MAX_TASK_PRIORITY = '0'
},},  OMP_DEFAULT_DEVICE = '0'
{{  OMP_DISPLAY_AFFINITY = 'FALSE'
  OMP_STACKSIZE = '0'
76{101  OMP_WAIT_POLICY = 'PASSIVE'
},58{  OMP_MAX_TASK_PRIORITY = '0'
124  OMP_THREAD_LIMIT = '4294967295'
},},77},},{{33  OMP_AFFINITY_FORMAT = 'level %L thread %i affinity %A'
  OMP_DISPLAY_AFFINITY = 'FALSE'
{{OPENMP DISPLAY ENVIRONMENT END
59125  OMP_AFFINITY_FORMAT = 'level %L thread %i affinity %A'
7561},}  OMP_MAX_ACTIVE_LEVELS = '2147483647'
},{{'
  OMP_CANCELLATION = 'FALSE'
{}10295  OMP_DEFAULT_DEVICE = '0'
  OMP_STACKSIZE = '0'
'
},  OMP_MAX_TASK_PRIORITY = '0'
  OMP_WAIT_POLICY = 'PASSIVE'
  OMP_STACKSIZE = '0'
{OPENMP DISPLAY ENVIRONMENT END
},62},103  OMP_DISPLAY_AFFINITY = 'FALSE'
},{  OMP_THREAD_LIMIT = '4294967295'
},34{  OMP_AFFINITY_FORMAT = 'level %L thread %i affinity %A'
},76{OPENMP DISPLAY ENVIRONMENT END
{  OMP_WAIT_POLICY = 'PASSIVE'
63},},78  OMP_THREAD_LIMIT = '4294967295'
{64},104{  OMP_MAX_ACTIVE_LEVELS = '2147483647'
{},  OMP_MAX_ACTIVE_LEVELS = '2147483647'
},{  OMP_CANCELLATION = 'FALSE'
35{  OMP_CANCELLATION = 'FALSE'
},  OMP_DEFAULT_DEVICE = '0'
{77},{105{  OMP_DEFAULT_DEVICE = '0'
  OMP_MAX_TASK_PRIORITY = '0'
}967879  OMP_DISPLAY_AFFINITY = 'FALSE'
},  OMP_MAX_TASK_PRIORITY = '0'
36},  OMP_AFFINITY_FORMAT = 'level %L thread %i affinity %A'
'
},  OMP_DISPLAY_AFFINITY = 'FALSE'
{  OMP_STACKSIZE = '0'
},},OPENMP DISPLAY ENVIRONMENT END
  OMP_AFFINITY_FORMAT = 'level %L thread %i affinity %A'
79{{OPENMP DISPLAY ENVIRONMENT END
{  OMP_WAIT_POLICY = 'PASSIVE'
37  OMP_THREAD_LIMIT = '4294967295'
},{}65{80'
}38},97'
},{},  OMP_MAX_ACTIVE_LEVELS = '2147483647'
{8139  OMP_CANCELLATION = 'FALSE'
{  OMP_STACKSIZE = '0'
}},  OMP_WAIT_POLICY = 'PASSIVE'
98  OMP_DEFAULT_DEVICE = '0'
'
{  OMP_STACKSIZE = '0'
  OMP_MAX_TASK_PRIORITY = '0'
},82  OMP_WAIT_POLICY = 'PASSIVE'
  OMP_DISPLAY_AFFINITY = 'FALSE'
  OMP_THREAD_LIMIT = '4294967295'
  OMP_THREAD_LIMIT = '4294967295'
  OMP_MAX_ACTIVE_LEVELS = '2147483647'
  OMP_AFFINITY_FORMAT = 'level %L thread %i affinity %A'
{OPENMP DISPLAY ENVIRONMENT END
  OMP_STACKSIZE = '0'
},99  OMP_MAX_ACTIVE_LEVELS = '2147483647'
  OMP_WAIT_POLICY = 'PASSIVE'
{}  OMP_CANCELLATION = 'FALSE'
  OMP_THREAD_LIMIT = '4294967295'
83'
  OMP_DEFAULT_DEVICE = '0'
},  OMP_MAX_TASK_PRIORITY = '0'
{  OMP_DISPLAY_AFFINITY = 'FALSE'
  OMP_MAX_ACTIVE_LEVELS = '2147483647'
84  OMP_STACKSIZE = '0'
  OMP_AFFINITY_FORMAT = 'level %L thread %i affinity %A'
},  OMP_CANCELLATION = 'FALSE'
{  OMP_DEFAULT_DEVICE = '0'
OPENMP DISPLAY ENVIRONMENT END
  OMP_CANCELLATION = 'FALSE'
85  OMP_WAIT_POLICY = 'PASSIVE'
}  OMP_DEFAULT_DEVICE = '0'
'
  OMP_MAX_TASK_PRIORITY = '0'
  OMP_STACKSIZE = '0'
  OMP_MAX_TASK_PRIORITY = '0'
  OMP_WAIT_POLICY = 'PASSIVE'
  OMP_THREAD_LIMIT = '4294967295'
  OMP_THREAD_LIMIT = '4294967295'
  OMP_DISPLAY_AFFINITY = 'FALSE'
  OMP_MAX_ACTIVE_LEVELS = '2147483647'
  OMP_DISPLAY_AFFINITY = 'FALSE'
  OMP_CANCELLATION = 'FALSE'
  OMP_AFFINITY_FORMAT = 'level %L thread %i affinity %A'
  OMP_DEFAULT_DEVICE = '0'
  OMP_MAX_TASK_PRIORITY = '0'
  OMP_DISPLAY_AFFINITY = 'FALSE'
  OMP_AFFINITY_FORMAT = 'level %L thread %i affinity %A'
OPENMP DISPLAY ENVIRONMENT END
  OMP_AFFINITY_FORMAT = 'level %L thread %i affinity %A'
OPENMP DISPLAY ENVIRONMENT END
OPENMP DISPLAY ENVIRONMENT END
  OMP_MAX_ACTIVE_LEVELS = '2147483647'
  OMP_CANCELLATION = 'FALSE'
  OMP_DEFAULT_DEVICE = '0'
  OMP_MAX_TASK_PRIORITY = '0'
  OMP_DISPLAY_AFFINITY = 'FALSE'
  OMP_AFFINITY_FORMAT = 'level %L thread %i affinity %A'
OPENMP DISPLAY ENVIRONMENT END
slurmstepd: error: *** JOB 39571651 ON n0181 CANCELLED AT 2025-10-29T15:11:43 DUE TO TIME LIMIT ***
slurmstepd: error: *** JOB 39571647 ON n0180 CANCELLED AT 2025-10-29T15:11:43 DUE TO TIME LIMIT ***
slurmstepd: error: *** JOB 39571650 ON n0181 CANCELLED AT 2025-10-29T15:11:43 DUE TO TIME LIMIT ***
slurmstepd: error: *** JOB 39571648 ON n0180 CANCELLED AT 2025-10-29T15:11:43 DUE TO TIME LIMIT ***
slurmstepd: error: *** JOB 39571649 ON n0181 CANCELLED AT 2025-10-29T15:11:43 DUE TO TIME LIMIT ***
slurmstepd: error: *** JOB 39571653 ON n0182 CANCELLED AT 2025-10-29T15:11:43 DUE TO TIME LIMIT ***
slurmstepd: error: *** JOB 39571652 ON n0181 CANCELLED AT 2025-10-29T15:11:43 DUE TO TIME LIMIT ***
slurmstepd: error: *** JOB 39571656 ON n0183 CANCELLED AT 2025-10-29T15:11:43 DUE TO TIME LIMIT ***
slurmstepd: error: *** JOB 39571622 ON n0184 CANCELLED AT 2025-10-29T15:11:43 DUE TO TIME LIMIT ***
slurmstepd: error: *** JOB 39571655 ON n0182 CANCELLED AT 2025-10-29T15:11:43 DUE TO TIME LIMIT ***
slurmstepd: error: *** JOB 39571660 ON n0183 CANCELLED AT 2025-10-29T15:11:43 DUE TO TIME LIMIT ***
slurmstepd: error: *** JOB 39571654 ON n0182 CANCELLED AT 2025-10-29T15:11:43 DUE TO TIME LIMIT ***
slurmstepd: error: *** JOB 39571657 ON n0183 CANCELLED AT 2025-10-29T15:11:43 DUE TO TIME LIMIT ***
slurmstepd: error: *** JOB 39571661 ON n0183 CANCELLED AT 2025-10-29T15:11:43 DUE TO TIME LIMIT ***
slurmstepd: error: *** JOB 39571658 ON n0183 CANCELLED AT 2025-10-29T15:11:43 DUE TO TIME LIMIT ***
slurmstepd: error: *** JOB 39571659 ON n0183 CANCELLED AT 2025-10-29T15:11:43 DUE TO TIME LIMIT ***
