87  OMP_PROC_BIND = 'SPREAD  OMP_NUM_THREADS = '6  _OPENMP = '201511'
  OMP_NUM_THREADS = '19  OMP_NUM_THREADS = '2059  OMP_NUM_THREADS = '10  OMP_NESTED = 'FALSE'
'
  OMP_SCHEDULE = '  OMP_NUM_THREADS = '11'
'
'
DYNAMIC  OMP_SCHEDULE = '
OPENMP DISPLAY ENVIRONMENT BEGIN
  OMP_DYNAMIC = 'FALSE'
'
'
  OMP_NESTED = 'FALSE'
'
  OMP_DYNAMIC = 'FALSE'
'
  OMP_NESTED = 'FALSE'
},  OMP_PLACES = '  OMP_SCHEDULE = '  OMP_SCHEDULE = '},'
  _OPENMP = '201511'
DYNAMIC  OMP_SCHEDULE = '  OMP_NUM_THREADS = '9{  OMP_SCHEDULE = 'DYNAMICDYNAMIC
OPENMP DISPLAY ENVIRONMENT BEGIN
{  OMP_SCHEDULE = ''
  OMP_NESTED = 'FALSE'
'
DYNAMICDYNAMIC{'
1  OMP_NUM_THREADS = '7DYNAMIC'
  OMP_NESTED = 'FALSE'

OPENMP DISPLAY ENVIRONMENT BEGIN
'
88  OMP_PROC_BIND = '  OMP_PROC_BIND = '  OMP_SCHEDULE = '  OMP_PROC_BIND = 'SPREAD  OMP_NUM_THREADS = '16'
'
  OMP_PROC_BIND = '60},SPREAD'
},{  _OPENMP = '201511'

OPENMP DISPLAY ENVIRONMENT BEGIN
{2'
'
SPREAD  _OPENMP = '201511'
SPREAD  OMP_PROC_BIND = '  OMP_PROC_BIND = 'SPREAD  OMP_PROC_BIND = 'DYNAMICSPREAD  OMP_SCHEDULE = ''
  OMP_PROC_BIND = 'DYNAMIC},{},61  OMP_DYNAMIC = 'FALSE'
  OMP_PLACES = ''
{},'
  OMP_PLACES = '{3  _OPENMP = '201511'
SPREAD4  OMP_PLACES = ''
'
'
  OMP_NUM_THREADS = '14{{SPREAD},{  OMP_DYNAMIC = 'FALSE'
},91{'
  OMP_PLACES = '  OMP_PROC_BIND = '},4{},{59262  OMP_DYNAMIC = 'FALSE'
'
  OMP_PLACES = '89},{{96{},},},SPREAD'
{},215  OMP_PLACES = '63{  OMP_SCHEDULE = '  OMP_NESTED = 'FALSE'
'
{{  OMP_NESTED = 'FALSE'
6},{},},{97},  OMP_PLACES = '  OMP_PLACES = '  OMP_NESTED = 'FALSE'
7},41{93{6{{},  OMP_DYNAMIC = 'FALSE'
{{2164},'
20},{25},{{90{  OMP_NUM_THREADS = '183422941DYNAMIC},},},  OMP_NUM_THREADS = '13},  OMP_PLACES = '{  OMP_NUM_THREADS = '15{},95{{41{{{},},},'
356598{{1{791},},'
},},{{9636  OMP_NESTED = 'FALSE'
  OMP_PROC_BIND = '23},},{},},{},6642},{3797},{222},},},  OMP_SCHEDULE = '{},{{{{32'
{{},SPREAD{75'
DYNAMIC  OMP_SCHEDULE = '{},},{24993{},{432346},{{92},},},47  OMP_SCHEDULE = '4},{42},},{{{  OMP_NUM_THREADS = '17},},24{{7698},5},{},93442  OMP_SCHEDULE = '33{{},},{{'
{100},DYNAMIC48},'
625DYNAMIC},},{{},'
77{2587{DYNAMIC101},},'
107},  OMP_PLACES = ''
{{34},},},},  OMP_PROC_BIND = '  OMP_PROC_BIND = '},88{},{  OMP_SCHEDULE = '{{},94{78{{},{{8926},SPREAD{102},SPREAD{3543},{},{90}'
  OMP_PROC_BIND = '},{'
'
79{{3},45710336108  OMP_PROC_BIND = '  OMP_STACKSIZE = '0'
},  OMP_WAIT_POLICY = 'PASSIVE'
  OMP_THREAD_LIMIT = '4294967295'
},{SPREAD},{},DYNAMIC},  OMP_MAX_ACTIVE_LEVELS = '2147483647'
SPREAD'
60},  OMP_CANCELLATION = 'FALSE'
26},},{{{95{80},37{27  OMP_DEFAULT_DEVICE = '0'
8  OMP_MAX_TASK_PRIORITY = '0'
  OMP_DISPLAY_AFFINITY = 'FALSE'
109{  OMP_PLACES = '  OMP_PLACES = '},'
'
},{  OMP_AFFINITY_FORMAT = 'level %L thread %i affinity %A'
{},104  OMP_PROC_BIND = '},{},OPENMP DISPLAY ENVIRONMENT END
27},{{},{{},81},{44{9{28{9646},},{110  OMP_PLACES = '38{1054},},{},82{{},{},2911110},},},},{},},{{40},{SPREAD{{545{{{112{},'
9711{},30{39},{2810647},83{98},},113{100},{},},{},6},},84},{40107{},'
{{},46{{},{  OMP_PLACES = '},{114},99},{2961{},31{},41},850{{},{  OMP_PLACES = '41},12115},{{},{7{},{},},100{108},},48868},30{47}},116{{{},{{'
101{},42{},},  OMP_STACKSIZE = '0'
32},{},},  OMP_WAIT_POLICY = 'PASSIVE'
},13{{80{{117{{  OMP_THREAD_LIMIT = '4294967295'
102{{43109},{9262},319},},},{48},42},{},  OMP_MAX_ACTIVE_LEVELS = '2147483647'
{101118},{  OMP_CANCELLATION = 'FALSE'
{}{},{'
49},},{  OMP_STACKSIZE = '0'
32  OMP_WAIT_POLICY = 'PASSIVE'
14},{10},},{49},{11},9333{},},  OMP_THREAD_LIMIT = '4294967295'
20  OMP_DEFAULT_DEVICE = '0'
110{  OMP_MAX_ACTIVE_LEVELS = '2147483647'
1},15  OMP_CANCELLATION = 'FALSE'
},{10350  OMP_MAX_TASK_PRIORITY = '0'
},  OMP_DEFAULT_DEVICE = '0'
{},{{  OMP_MAX_TASK_PRIORITY = '0'
{  OMP_DISPLAY_AFFINITY = 'FALSE'
{},5034  OMP_DISPLAY_AFFINITY = 'FALSE'
{  OMP_AFFINITY_FORMAT = 'level %L thread %i affinity %A'
  OMP_AFFINITY_FORMAT = 'level %L thread %i affinity %A'
{9433{12},OPENMP DISPLAY ENVIRONMENT END
{},{},},{6311116},},{},},35},{95},{}},OPENMP DISPLAY ENVIRONMENT END
17'
112{},{{{},{  OMP_STACKSIZE = '0'
{104},},{{  OMP_WAIT_POLICY = 'PASSIVE'
  OMP_THREAD_LIMIT = '4294967295'
13113  OMP_MAX_ACTIVE_LEVELS = '2147483647'
{  OMP_CANCELLATION = 'FALSE'
105},{106}'
  OMP_STACKSIZE = '0'
  OMP_WAIT_POLICY = 'PASSIVE'
  OMP_THREAD_LIMIT = '4294967295'
},3664},  OMP_DEFAULT_DEVICE = '0'
  OMP_MAX_ACTIVE_LEVELS = '2147483647'
},  OMP_CANCELLATION = 'FALSE'
  OMP_DEFAULT_DEVICE = '0'
  OMP_MAX_TASK_PRIORITY = '0'
{  OMP_MAX_TASK_PRIORITY = '0'
  OMP_DISPLAY_AFFINITY = 'FALSE'
18},{},{19},{20  OMP_AFFINITY_FORMAT = 'level %L thread %i affinity %A'
OPENMP DISPLAY ENVIRONMENT END
102  OMP_DISPLAY_AFFINITY = 'FALSE'
  OMP_AFFINITY_FORMAT = 'level %L thread %i affinity %A'
},{114},{115}'
  OMP_STACKSIZE = '0'
  OMP_WAIT_POLICY = 'PASSIVE'
  OMP_THREAD_LIMIT = '4294967295'
  OMP_MAX_ACTIVE_LEVELS = '2147483647'
  OMP_CANCELLATION = 'FALSE'
  OMP_DEFAULT_DEVICE = '0'
  OMP_MAX_TASK_PRIORITY = '0'
  OMP_DISPLAY_AFFINITY = 'FALSE'
  OMP_AFFINITY_FORMAT = 'level %L thread %i affinity %A'
}'
OPENMP DISPLAY ENVIRONMENT END
{{OPENMP DISPLAY ENVIRONMENT END
348114251},43},{},  OMP_STACKSIZE = '0'
{{{{35},{1552},65  OMP_WAIT_POLICY = 'PASSIVE'
},{513736},16  OMP_THREAD_LIMIT = '4294967295'
},},},},{17},{},  OMP_MAX_ACTIVE_LEVELS = '2147483647'
},{},{{21{},1853},{37},{38},  OMP_CANCELLATION = 'FALSE'
},},52  OMP_DEFAULT_DEVICE = '0'
{{{  OMP_MAX_TASK_PRIORITY = '0'
3854{{  OMP_DISPLAY_AFFINITY = 'FALSE'
},39{19{},66},{2282},53  OMP_AFFINITY_FORMAT = 'level %L thread %i affinity %A'
{{},39},{},44OPENMP DISPLAY ENVIRONMENT END
{103{{40{}40},{54},'
},  OMP_STACKSIZE = '0'
  OMP_WAIT_POLICY = 'PASSIVE'
  OMP_THREAD_LIMIT = '4294967295'
  OMP_MAX_ACTIVE_LEVELS = '2147483647'
  OMP_CANCELLATION = 'FALSE'
55},}20},  OMP_DEFAULT_DEVICE = '0'
  OMP_MAX_TASK_PRIORITY = '0'
  OMP_DISPLAY_AFFINITY = 'FALSE'
  OMP_AFFINITY_FORMAT = 'level %L thread %i affinity %A'
OPENMP DISPLAY ENVIRONMENT END
}{'
'
},55},{56},  OMP_STACKSIZE = '0'
{57},{  OMP_WAIT_POLICY = 'PASSIVE'
58{},4583  OMP_THREAD_LIMIT = '4294967295'
3{  OMP_MAX_ACTIVE_LEVELS = '2147483647'
{  OMP_CANCELLATION = 'FALSE'
  OMP_DEFAULT_DEVICE = '0'
  OMP_MAX_TASK_PRIORITY = '0'
  OMP_DISPLAY_AFFINITY = 'FALSE'
  OMP_AFFINITY_FORMAT = 'level %L thread %i affinity %A'
OPENMP DISPLAY ENVIRONMENT END
59},{{60}  OMP_STACKSIZE = '0'
'
56},  OMP_WAIT_POLICY = 'PASSIVE'
  OMP_STACKSIZE = '0'
  OMP_WAIT_POLICY = 'PASSIVE'
  OMP_THREAD_LIMIT = '4294967295'
},  OMP_MAX_ACTIVE_LEVELS = '2147483647'
  OMP_CANCELLATION = 'FALSE'
  OMP_THREAD_LIMIT = '4294967295'
},67  OMP_DEFAULT_DEVICE = '0'
  OMP_MAX_TASK_PRIORITY = '0'
  OMP_DISPLAY_AFFINITY = 'FALSE'
  OMP_AFFINITY_FORMAT = 'level %L thread %i affinity %A'
{OPENMP DISPLAY ENVIRONMENT END
{},  OMP_MAX_ACTIVE_LEVELS = '2147483647'
{57104  OMP_CANCELLATION = 'FALSE'
4},{  OMP_DEFAULT_DEVICE = '0'
{  OMP_MAX_TASK_PRIORITY = '0'
},  OMP_DISPLAY_AFFINITY = 'FALSE'
},58  OMP_AFFINITY_FORMAT = 'level %L thread %i affinity %A'
},OPENMP DISPLAY ENVIRONMENT END
{},{59},{{60}{'
  OMP_STACKSIZE = '0'
  OMP_WAIT_POLICY = 'PASSIVE'
},  OMP_THREAD_LIMIT = '4294967295'
  OMP_MAX_ACTIVE_LEVELS = '2147483647'
  OMP_CANCELLATION = 'FALSE'
  OMP_DEFAULT_DEVICE = '0'
  OMP_MAX_TASK_PRIORITY = '0'
4623  OMP_DISPLAY_AFFINITY = 'FALSE'
84  OMP_AFFINITY_FORMAT = 'level %L thread %i affinity %A'
OPENMP DISPLAY ENVIRONMENT END
},{},68{{{24475},{},{},69},{},{},2510570},{},{486},71},},},{72{49},{73{},},{857},{{8},{26{},},{{5074{10686},27},},{51},{{{9},{28},52},{10},{53{75},{29},},{76},},{{87{{11},},77},{1073054{78},{},{55},{12},{10831},{32},{},{1356},{88},{109},{110{33},{},},},79}},{14},{15{},'
  OMP_STACKSIZE = '0'
{{11157},},{{112},{113  OMP_WAIT_POLICY = 'PASSIVE'
{16},89},34},{},{35},{36{{},{  OMP_THREAD_LIMIT = '4294967295'
58},{  OMP_MAX_ACTIVE_LEVELS = '2147483647'
5990114},},},  OMP_CANCELLATION = 'FALSE'
{91},{{92},{17  OMP_DEFAULT_DEVICE = '0'
},115},{116},{  OMP_MAX_TASK_PRIORITY = '0'
  OMP_DISPLAY_AFFINITY = 'FALSE'
117},{37{{118},},{38},}'
  OMP_STACKSIZE = '0'
{39  OMP_AFFINITY_FORMAT = 'level %L thread %i affinity %A'
OPENMP DISPLAY ENVIRONMENT END
18{119},{19}'
  OMP_STACKSIZE = '0'
}  OMP_WAIT_POLICY = 'PASSIVE'
'
  OMP_WAIT_POLICY = 'PASSIVE'
93  OMP_THREAD_LIMIT = '4294967295'
},{  OMP_STACKSIZE = '0'
}'
  OMP_STACKSIZE = '0'
  OMP_WAIT_POLICY = 'PASSIVE'
94  OMP_WAIT_POLICY = 'PASSIVE'
  OMP_THREAD_LIMIT = '4294967295'
},{  OMP_THREAD_LIMIT = '4294967295'
  OMP_MAX_ACTIVE_LEVELS = '2147483647'
  OMP_MAX_ACTIVE_LEVELS = '2147483647'
95  OMP_CANCELLATION = 'FALSE'
  OMP_CANCELLATION = 'FALSE'
  OMP_THREAD_LIMIT = '4294967295'
  OMP_DEFAULT_DEVICE = '0'
},  OMP_MAX_ACTIVE_LEVELS = '2147483647'
  OMP_MAX_ACTIVE_LEVELS = '2147483647'
  OMP_CANCELLATION = 'FALSE'
  OMP_DEFAULT_DEVICE = '0'
  OMP_DEFAULT_DEVICE = '0'
  OMP_CANCELLATION = 'FALSE'
  OMP_DEFAULT_DEVICE = '0'
  OMP_MAX_TASK_PRIORITY = '0'
  OMP_MAX_TASK_PRIORITY = '0'
  OMP_DISPLAY_AFFINITY = 'FALSE'
  OMP_AFFINITY_FORMAT = 'level %L thread %i affinity %A'
  OMP_MAX_TASK_PRIORITY = '0'
  OMP_DISPLAY_AFFINITY = 'FALSE'
  OMP_AFFINITY_FORMAT = 'level %L thread %i affinity %A'
{  OMP_MAX_TASK_PRIORITY = '0'
OPENMP DISPLAY ENVIRONMENT END
  OMP_DISPLAY_AFFINITY = 'FALSE'
  OMP_AFFINITY_FORMAT = 'level %L thread %i affinity %A'
96},{97OPENMP DISPLAY ENVIRONMENT END
OPENMP DISPLAY ENVIRONMENT END
},{98},{99}'
  OMP_STACKSIZE = '0'
  OMP_WAIT_POLICY = 'PASSIVE'
  OMP_THREAD_LIMIT = '4294967295'
  OMP_MAX_ACTIVE_LEVELS = '2147483647'
  OMP_CANCELLATION = 'FALSE'
  OMP_DEFAULT_DEVICE = '0'
  OMP_MAX_TASK_PRIORITY = '0'
  OMP_DISPLAY_AFFINITY = 'FALSE'
  OMP_AFFINITY_FORMAT = 'level %L thread %i affinity %A'
OPENMP DISPLAY ENVIRONMENT END
  OMP_DISPLAY_AFFINITY = 'FALSE'
  OMP_AFFINITY_FORMAT = 'level %L thread %i affinity %A'
OPENMP DISPLAY ENVIRONMENT END
slurmstepd: error: *** JOB 39571629 ON n0186 CANCELLED AT 2025-10-29T15:11:43 DUE TO TIME LIMIT ***
slurmstepd: error: *** JOB 39571638 ON n0189 CANCELLED AT 2025-10-29T15:11:43 DUE TO TIME LIMIT ***
slurmstepd: error: *** JOB 39571628 ON n0186 CANCELLED AT 2025-10-29T15:11:43 DUE TO TIME LIMIT ***
slurmstepd: error: *** JOB 39571640 ON n0189 CANCELLED AT 2025-10-29T15:11:43 DUE TO TIME LIMIT ***
slurmstepd: error: *** JOB 39571639 ON n0189 CANCELLED AT 2025-10-29T15:11:43 DUE TO TIME LIMIT ***
slurmstepd: error: *** JOB 39571632 ON n0187 CANCELLED AT 2025-10-29T15:11:43 DUE TO TIME LIMIT ***
slurmstepd: error: *** JOB 39571642 ON n0190 CANCELLED AT 2025-10-29T15:11:43 DUE TO TIME LIMIT ***
slurmstepd: error: *** JOB 39571633 ON n0188 CANCELLED AT 2025-10-29T15:11:43 DUE TO TIME LIMIT ***
slurmstepd: error: *** JOB 39571636 ON n0189 CANCELLED AT 2025-10-29T15:11:43 DUE TO TIME LIMIT ***
slurmstepd: error: *** JOB 39571635 ON n0188 CANCELLED AT 2025-10-29T15:11:43 DUE TO TIME LIMIT ***
slurmstepd: error: *** JOB 39571637 ON n0189 CANCELLED AT 2025-10-29T15:11:43 DUE TO TIME LIMIT ***
slurmstepd: error: *** JOB 39571634 ON n0188 CANCELLED AT 2025-10-29T15:11:43 DUE TO TIME LIMIT ***
slurmstepd: error: *** JOB 39571621 ON n0190 CANCELLED AT 2025-10-29T15:11:43 DUE TO TIME LIMIT ***
slurmstepd: error: *** JOB 39571630 ON n0187 CANCELLED AT 2025-10-29T15:11:43 DUE TO TIME LIMIT ***
slurmstepd: error: *** JOB 39571641 ON n0189 CANCELLED AT 2025-10-29T15:11:43 DUE TO TIME LIMIT ***
slurmstepd: error: *** JOB 39571631 ON n0187 CANCELLED AT 2025-10-29T15:11:43 DUE TO TIME LIMIT ***
