  OMP_MAX_TASK_PRIORITY = '0'
  OMP_DISPLAY_AFFINITY = 'FALSE'
  OMP_AFFINITY_FORMAT = 'level %L thread %i affinity %A'
},'
},17{},{  OMP_STACKSIZE = '0'
},116{48OPENMP DISPLAY ENVIRONMENT END
51}
OPENMP DISPLAY ENVIRONMENT BEGIN
},  OMP_WAIT_POLICY = 'PASSIVE'
  OMP_THREAD_LIMIT = '4294967295'
{  _OPENMP = '201511'
'
  OMP_MAX_ACTIVE_LEVELS = '2147483647'
},  OMP_CANCELLATION = 'FALSE'
  OMP_DEFAULT_DEVICE = '0'
  OMP_MAX_TASK_PRIORITY = '0'
  OMP_DISPLAY_AFFINITY = 'FALSE'
  OMP_STACKSIZE = '0'
  OMP_AFFINITY_FORMAT = 'level %L thread %i affinity %A'
125  OMP_DYNAMIC = 'FALSE'
{
OPENMP DISPLAY ENVIRONMENT BEGIN
},OPENMP DISPLAY ENVIRONMENT END
  OMP_WAIT_POLICY = 'PASSIVE'

OPENMP DISPLAY ENVIRONMENT BEGIN
{  OMP_NESTED = 'FALSE'
{11767  OMP_THREAD_LIMIT = '4294967295'
  _OPENMP = '201511'

OPENMP DISPLAY ENVIRONMENT BEGIN
  OMP_MAX_ACTIVE_LEVELS = '2147483647'
},  OMP_DYNAMIC = 'FALSE'
52},{{  OMP_CANCELLATION = 'FALSE'
118  _OPENMP = '201511'
  OMP_DEFAULT_DEVICE = '0'
99},},  OMP_MAX_TASK_PRIORITY = '0'
},  OMP_DISPLAY_AFFINITY = 'FALSE'
{{  OMP_AFFINITY_FORMAT = 'level %L thread %i affinity %A'
{  _OPENMP = '201511'
  OMP_DYNAMIC = 'FALSE'
OPENMP DISPLAY ENVIRONMENT END
1001853
OPENMP DISPLAY ENVIRONMENT BEGIN
},119},{  OMP_DYNAMIC = 'FALSE'
{  OMP_NESTED = 'FALSE'
},10154  OMP_NESTED = 'FALSE'
},{},  _OPENMP = '201511'

OPENMP DISPLAY ENVIRONMENT BEGIN
},{  OMP_NUM_THREADS = '14120102{  OMP_NUM_THREADS = '14},  OMP_NESTED = 'FALSE'
},55{},  OMP_DYNAMIC = 'FALSE'
},121{{}'
103  OMP_STACKSIZE = '0'
},  _OPENMP = '201511'
{56104  OMP_WAIT_POLICY = 'PASSIVE'
  OMP_NUM_THREADS = '14  OMP_NESTED = 'FALSE'
  OMP_NUM_THREADS = '14'
},},{'
  OMP_THREAD_LIMIT = '4294967295'
  OMP_DYNAMIC = 'FALSE'
{  OMP_SCHEDULE = '{12619{  OMP_MAX_ACTIVE_LEVELS = '2147483647'
10557  OMP_CANCELLATION = 'FALSE'
'
  OMP_DEFAULT_DEVICE = '0'
},  OMP_NUM_THREADS = '14},},  OMP_MAX_TASK_PRIORITY = '0'
{{  OMP_DISPLAY_AFFINITY = 'FALSE'
58  OMP_AFFINITY_FORMAT = 'level %L thread %i affinity %A'
106  OMP_SCHEDULE = '  OMP_NESTED = 'FALSE'
},},{{107}OPENMP DISPLAY ENVIRONMENT END
'
59DYNAMIC},  OMP_STACKSIZE = '0'
},{60},{61},  OMP_WAIT_POLICY = 'PASSIVE'
'
{  OMP_THREAD_LIMIT = '4294967295'
62}  OMP_MAX_ACTIVE_LEVELS = '2147483647'
'
  OMP_STACKSIZE = '0'
  OMP_WAIT_POLICY = 'PASSIVE'
  OMP_CANCELLATION = 'FALSE'
  OMP_DEFAULT_DEVICE = '0'
  OMP_THREAD_LIMIT = '4294967295'
{  OMP_MAX_TASK_PRIORITY = '0'
{  OMP_MAX_ACTIVE_LEVELS = '2147483647'
  OMP_DISPLAY_AFFINITY = 'FALSE'
  OMP_SCHEDULE = '  OMP_AFFINITY_FORMAT = 'level %L thread %i affinity %A'
  OMP_CANCELLATION = 'FALSE'
OPENMP DISPLAY ENVIRONMENT END
  OMP_DEFAULT_DEVICE = '0'
  OMP_MAX_TASK_PRIORITY = '0'
  OMP_DISPLAY_AFFINITY = 'FALSE'
  OMP_AFFINITY_FORMAT = 'level %L thread %i affinity %A'
OPENMP DISPLAY ENVIRONMENT END
  OMP_SCHEDULE = 'DYNAMIC'
127}'
  OMP_NUM_THREADS = '14DYNAMIC  OMP_PROC_BIND = ''
'
  OMP_PROC_BIND = 'DYNAMIC'
SPREAD'
  OMP_STACKSIZE = '0'
  OMP_WAIT_POLICY = 'PASSIVE'
'
  OMP_PROC_BIND = 'SPREAD  OMP_SCHEDULE = '20},  OMP_SCHEDULE = ''
  OMP_PLACES = 'SPREAD'
{  OMP_PROC_BIND = '  OMP_THREAD_LIMIT = '4294967295'
'
SPREAD'
  OMP_PLACES = '{DYNAMIC  OMP_PLACES = '{  OMP_MAX_ACTIVE_LEVELS = '2147483647'
21},  OMP_CANCELLATION = 'FALSE'
'
{DYNAMIC'
  OMP_PLACES = '{58  OMP_PROC_BIND = 'SPREAD72},},{{7322{59},{  OMP_PROC_BIND = 'SPREAD},74  OMP_DEFAULT_DEVICE = '0'
  OMP_MAX_TASK_PRIORITY = '0'
  OMP_DISPLAY_AFFINITY = 'FALSE'
'
  OMP_PLACES = '86},44},{'
  OMP_AFFINITY_FORMAT = 'level %L thread %i affinity %A'
{23},OPENMP DISPLAY ENVIRONMENT END
{45{},},{87},{24  OMP_PLACES = '},{60},{},100},{{8825{4661},{101},{},{},47},{1028975},{48},},},{{2630},{90{{},76},{},91},{{31{92{{},{77},27},},{{62},{9310332},78},},{104},{},{{{63},{642894},{33},},{7995},49},{29{}},{{'
},},{{96},105},34{{10665},{},66},},{35{80},97107},{98{81  OMP_STACKSIZE = '0'
{},{{  OMP_WAIT_POLICY = 'PASSIVE'
  OMP_THREAD_LIMIT = '4294967295'
50},},},},{51},{67{52},{53},  OMP_MAX_ACTIVE_LEVELS = '2147483647'
  OMP_CANCELLATION = 'FALSE'
36},{{},{82{3754},{8399}},{55},{56},{  OMP_DEFAULT_DEVICE = '0'
},{38},{39},{40  OMP_MAX_TASK_PRIORITY = '0'
108},'
},57{}  OMP_DISPLAY_AFFINITY = 'FALSE'
  OMP_AFFINITY_FORMAT = 'level %L thread %i affinity %A'
OPENMP DISPLAY ENVIRONMENT END
},{41{68},109},  OMP_STACKSIZE = '0'
{'
},{42},{  OMP_STACKSIZE = '0'
{43}11084  OMP_WAIT_POLICY = 'PASSIVE'
'
{  OMP_STACKSIZE = '0'
  OMP_WAIT_POLICY = 'PASSIVE'
  OMP_WAIT_POLICY = 'PASSIVE'
},  OMP_THREAD_LIMIT = '4294967295'
  OMP_MAX_ACTIVE_LEVELS = '2147483647'
  OMP_THREAD_LIMIT = '4294967295'
  OMP_MAX_ACTIVE_LEVELS = '2147483647'
69  OMP_CANCELLATION = 'FALSE'
  OMP_DEFAULT_DEVICE = '0'
},},{85{  OMP_THREAD_LIMIT = '4294967295'
111},  OMP_MAX_ACTIVE_LEVELS = '2147483647'
  OMP_CANCELLATION = 'FALSE'
  OMP_DEFAULT_DEVICE = '0'
{70  OMP_MAX_TASK_PRIORITY = '0'
},}'
  OMP_MAX_TASK_PRIORITY = '0'
  OMP_DISPLAY_AFFINITY = 'FALSE'
  OMP_AFFINITY_FORMAT = 'level %L thread %i affinity %A'
OPENMP DISPLAY ENVIRONMENT END
{  OMP_STACKSIZE = '0'
  OMP_CANCELLATION = 'FALSE'
  OMP_DEFAULT_DEVICE = '0'
  OMP_WAIT_POLICY = 'PASSIVE'
  OMP_THREAD_LIMIT = '4294967295'
112  OMP_MAX_ACTIVE_LEVELS = '2147483647'
  OMP_MAX_TASK_PRIORITY = '0'
},{  OMP_DISPLAY_AFFINITY = 'FALSE'
  OMP_AFFINITY_FORMAT = 'level %L thread %i affinity %A'
OPENMP DISPLAY ENVIRONMENT END
  OMP_DISPLAY_AFFINITY = 'FALSE'
{  OMP_CANCELLATION = 'FALSE'
113}'
71  OMP_DEFAULT_DEVICE = '0'
  OMP_MAX_TASK_PRIORITY = '0'
  OMP_DISPLAY_AFFINITY = 'FALSE'
  OMP_STACKSIZE = '0'
  OMP_AFFINITY_FORMAT = 'level %L thread %i affinity %A'
  OMP_WAIT_POLICY = 'PASSIVE'
  OMP_THREAD_LIMIT = '4294967295'
  OMP_MAX_ACTIVE_LEVELS = '2147483647'
  OMP_CANCELLATION = 'FALSE'
OPENMP DISPLAY ENVIRONMENT END
  OMP_AFFINITY_FORMAT = 'level %L thread %i affinity %A'
  OMP_DEFAULT_DEVICE = '0'
OPENMP DISPLAY ENVIRONMENT END
  OMP_MAX_TASK_PRIORITY = '0'
  OMP_DISPLAY_AFFINITY = 'FALSE'
  OMP_AFFINITY_FORMAT = 'level %L thread %i affinity %A'
}'
  OMP_STACKSIZE = '0'
  OMP_WAIT_POLICY = 'PASSIVE'
  OMP_THREAD_LIMIT = '4294967295'
  OMP_MAX_ACTIVE_LEVELS = '2147483647'
  OMP_CANCELLATION = 'FALSE'
  OMP_DEFAULT_DEVICE = '0'
  OMP_MAX_TASK_PRIORITY = '0'
  OMP_DISPLAY_AFFINITY = 'FALSE'
  OMP_AFFINITY_FORMAT = 'level %L thread %i affinity %A'
OPENMP DISPLAY ENVIRONMENT END
OPENMP DISPLAY ENVIRONMENT END
