
OPENMP DISPLAY ENVIRONMENT BEGIN
  _OPENMP = '201511'
  OMP_DYNAMIC = 'FALSE'
  OMP_NESTED = 'FALSE'
  OMP_NUM_THREADS = '10'
  OMP_SCHEDULE = 'DYNAMIC'
  OMP_PROC_BIND = 'SPREAD'
  OMP_PLACES = '{25},{26},{29},{31},{
OPENMP DISPLAY ENVIRONMENT BEGIN
48},{49},  _OPENMP = '201511'
{  OMP_DYNAMIC = 'FALSE'
50},{  OMP_NESTED = 'FALSE'
51},{  OMP_NUM_THREADS = '1059},'
{60}'
  OMP_STACKSIZE = '0'
  OMP_WAIT_POLICY = 'PASSIVE'
  OMP_THREAD_LIMIT = '4294967295'
  OMP_MAX_ACTIVE_LEVELS = '2147483647'
  OMP_CANCELLATION = 'FALSE'
  OMP_DEFAULT_DEVICE = '0'
  OMP_MAX_TASK_PRIORITY = '0'
  OMP_DISPLAY_AFFINITY = 'FALSE'
  OMP_AFFINITY_FORMAT = 'level %L thread %i affinity %A'
OPENMP DISPLAY ENVIRONMENT END
  OMP_SCHEDULE = '
OPENMP DISPLAY ENVIRONMENT BEGIN

OPENMP DISPLAY ENVIRONMENT BEGIN

OPENMP DISPLAY ENVIRONMENT BEGIN
  _OPENMP = '201511'
  _OPENMP = '201511'
  OMP_DYNAMIC = 'FALSE'
  _OPENMP = '201511'
  OMP_DYNAMIC = 'FALSE'
  OMP_NESTED = 'FALSE'
  OMP_NUM_THREADS = '10  OMP_DYNAMIC = 'FALSE'
'
  OMP_SCHEDULE = 'DYNAMICDYNAMIC'
  OMP_PROC_BIND = ''
  OMP_NESTED = 'FALSE'
  OMP_NUM_THREADS = '10'
  OMP_NESTED = 'FALSE'
SPREAD'
  OMP_NUM_THREADS = '10  OMP_PLACES = '  OMP_SCHEDULE = ''
{101  OMP_SCHEDULE = 'DYNAMICDYNAMIC'
  OMP_PROC_BIND = 'SPREAD'
  OMP_PROC_BIND = '},  OMP_PROC_BIND = '{SPREAD'
'
102  OMP_PLACES = '},SPREAD{'
{  OMP_PLACES = '103  OMP_PLACES = '59},},{60{{{},104},81111},{{{},{112},73},105},{10682},},{{
OPENMP DISPLAY ENVIRONMENT BEGIN
{113107},83},{{  _OPENMP = '201511'
  OMP_DYNAMIC = 'FALSE'

OPENMP DISPLAY ENVIRONMENT BEGIN
114  _OPENMP = '201511'
  OMP_NESTED = 'FALSE'
},{{},  OMP_DYNAMIC = 'FALSE'
  OMP_NUM_THREADS = '107484108'
{},},115
OPENMP DISPLAY ENVIRONMENT BEGIN

OPENMP DISPLAY ENVIRONMENT BEGIN
},
OPENMP DISPLAY ENVIRONMENT BEGIN
},  OMP_NESTED = 'FALSE'

OPENMP DISPLAY ENVIRONMENT BEGIN
{{{{85116  _OPENMP = '201511'
109  _OPENMP = '201511'
  _OPENMP = '201511'
},75{},86},},  OMP_NUM_THREADS = '10},  OMP_DYNAMIC = 'FALSE'
  OMP_DYNAMIC = 'FALSE'
  OMP_DYNAMIC = 'FALSE'
{  OMP_SCHEDULE = ''
{  _OPENMP = '201511'
76110},  OMP_NESTED = 'FALSE'
{{}  OMP_SCHEDULE = '  OMP_NESTED = 'FALSE'
  OMP_NUM_THREADS = '10{'
  OMP_DYNAMIC = 'FALSE'
87DYNAMIC77  OMP_NESTED = 'FALSE'
'
  OMP_NUM_THREADS = '10117  OMP_NUM_THREADS = '10},DYNAMIC'
},  OMP_SCHEDULE = '{'
  OMP_NESTED = 'FALSE'
},{'
  OMP_STACKSIZE = '0'
DYNAMIC  OMP_NUM_THREADS = '10  OMP_PROC_BIND = '  OMP_SCHEDULE = ''
  OMP_SCHEDULE = ''
{11878},'
  OMP_WAIT_POLICY = 'PASSIVE'
},SPREAD  OMP_SCHEDULE = '  OMP_PROC_BIND = '{{DYNAMIC88DYNAMIC  OMP_THREAD_LIMIT = '4294967295'
'
119'
  OMP_MAX_ACTIVE_LEVELS = '2147483647'
  OMP_PROC_BIND = '79  OMP_PLACES = '},'
},  OMP_PROC_BIND = 'DYNAMIC  OMP_CANCELLATION = 'FALSE'
SPREAD{  OMP_PROC_BIND = 'SPREAD'
},SPREAD'
SPREAD{  OMP_DEFAULT_DEVICE = '0'
120{  OMP_PROC_BIND = ''
89  OMP_PLACES = ''
{  OMP_MAX_TASK_PRIORITY = '0'
},SPREAD  OMP_PLACES = ''
15  OMP_DISPLAY_AFFINITY = 'FALSE'
  OMP_PLACES = '},{}{{80  OMP_AFFINITY_FORMAT = 'level %L thread %i affinity %A'
{4'
},'
OPENMP DISPLAY ENVIRONMENT END
  OMP_PLACES = '  OMP_PLACES = '{90  OMP_STACKSIZE = '0'
}1015'
91},{}  OMP_WAIT_POLICY = 'PASSIVE'
'
{{},{  OMP_STACKSIZE = '0'
},  OMP_STACKSIZE = '0'
  OMP_THREAD_LIMIT = '4294967295'
  OMP_WAIT_POLICY = 'PASSIVE'
  OMP_WAIT_POLICY = 'PASSIVE'
  OMP_MAX_ACTIVE_LEVELS = '2147483647'
  OMP_CANCELLATION = 'FALSE'
  OMP_THREAD_LIMIT = '4294967295'
  OMP_DEFAULT_DEVICE = '0'
  OMP_THREAD_LIMIT = '4294967295'
61  OMP_MAX_ACTIVE_LEVELS = '2147483647'
  OMP_MAX_TASK_PRIORITY = '0'
  OMP_MAX_ACTIVE_LEVELS = '2147483647'
16  OMP_CANCELLATION = 'FALSE'
  OMP_DISPLAY_AFFINITY = 'FALSE'
  OMP_CANCELLATION = 'FALSE'
  OMP_AFFINITY_FORMAT = 'level %L thread %i affinity %A'
  OMP_DEFAULT_DEVICE = '0'
{{OPENMP DISPLAY ENVIRONMENT END
},  OMP_MAX_TASK_PRIORITY = '0'
92  OMP_DEFAULT_DEVICE = '0'
6  OMP_DISPLAY_AFFINITY = 'FALSE'
  OMP_AFFINITY_FORMAT = 'level %L thread %i affinity %A'
111OPENMP DISPLAY ENVIRONMENT END
102  OMP_MAX_TASK_PRIORITY = '0'
},  OMP_DISPLAY_AFFINITY = 'FALSE'
  OMP_AFFINITY_FORMAT = 'level %L thread %i affinity %A'
OPENMP DISPLAY ENVIRONMENT END
},{},{},},{{112},{{1762113},7},{{11467103{},{115},{},93},116},{117},},{},{{},{104},68},{9418},{{{19},{69},{105},{118},{11920},},{106{21},{229},{10770{},{},{},{10},{95},{2312011},{108},96},{},{}},{97},{'
  OMP_STACKSIZE = '0'
  OMP_WAIT_POLICY = 'PASSIVE'
98},  OMP_THREAD_LIMIT = '4294967295'
  OMP_MAX_ACTIVE_LEVELS = '2147483647'
  OMP_CANCELLATION = 'FALSE'
  OMP_DEFAULT_DEVICE = '0'
{{  OMP_MAX_TASK_PRIORITY = '0'
10912},2499},}'
},},  OMP_DISPLAY_AFFINITY = 'FALSE'
  OMP_AFFINITY_FORMAT = 'level %L thread %i affinity %A'
OPENMP DISPLAY ENVIRONMENT END
{{{10071110}}'
  OMP_STACKSIZE = '0'
{'
},{  OMP_STACKSIZE = '0'
  OMP_WAIT_POLICY = 'PASSIVE'
  OMP_WAIT_POLICY = 'PASSIVE'
  OMP_THREAD_LIMIT = '4294967295'
  OMP_THREAD_LIMIT = '4294967295'
  OMP_STACKSIZE = '0'
1372},{  OMP_MAX_ACTIVE_LEVELS = '2147483647'
  OMP_CANCELLATION = 'FALSE'
  OMP_MAX_ACTIVE_LEVELS = '2147483647'
  OMP_CANCELLATION = 'FALSE'
  OMP_DEFAULT_DEVICE = '0'
  OMP_MAX_TASK_PRIORITY = '0'
  OMP_DISPLAY_AFFINITY = 'FALSE'
  OMP_AFFINITY_FORMAT = 'level %L thread %i affinity %A'
  OMP_DEFAULT_DEVICE = '0'
},14  OMP_WAIT_POLICY = 'PASSIVE'
{OPENMP DISPLAY ENVIRONMENT END
}  OMP_MAX_TASK_PRIORITY = '0'
73},  OMP_THREAD_LIMIT = '4294967295'
  OMP_MAX_ACTIVE_LEVELS = '2147483647'
{  OMP_CANCELLATION = 'FALSE'
  OMP_DISPLAY_AFFINITY = 'FALSE'
  OMP_AFFINITY_FORMAT = 'level %L thread %i affinity %A'
74'
}'
  OMP_DEFAULT_DEVICE = '0'
  OMP_MAX_TASK_PRIORITY = '0'
  OMP_DISPLAY_AFFINITY = 'FALSE'
  OMP_AFFINITY_FORMAT = 'level %L thread %i affinity %A'
OPENMP DISPLAY ENVIRONMENT END
OPENMP DISPLAY ENVIRONMENT END
  OMP_STACKSIZE = '0'
  OMP_WAIT_POLICY = 'PASSIVE'
  OMP_THREAD_LIMIT = '4294967295'
  OMP_MAX_ACTIVE_LEVELS = '2147483647'
  OMP_CANCELLATION = 'FALSE'
  OMP_DEFAULT_DEVICE = '0'
  OMP_MAX_TASK_PRIORITY = '0'
  OMP_DISPLAY_AFFINITY = 'FALSE'
  OMP_AFFINITY_FORMAT = 'level %L thread %i affinity %A'
OPENMP DISPLAY ENVIRONMENT END
  OMP_STACKSIZE = '0'
  OMP_WAIT_POLICY = 'PASSIVE'
  OMP_THREAD_LIMIT = '4294967295'
  OMP_MAX_ACTIVE_LEVELS = '2147483647'
  OMP_CANCELLATION = 'FALSE'
  OMP_DEFAULT_DEVICE = '0'
  OMP_MAX_TASK_PRIORITY = '0'
  OMP_DISPLAY_AFFINITY = 'FALSE'
  OMP_AFFINITY_FORMAT = 'level %L thread %i affinity %A'
OPENMP DISPLAY ENVIRONMENT END
