The first 10 digits of Pi are 3.1415926535
Time to calculate Pi serially with 100000000 steps is: 0.584448
Pi is 3.1415926536
Time to calculate Pi in parallel using atomic with 100000000 steps is: 22.0349
Pi is 3.1415926536
Time to calculate Pi in in parallel using critical with 100000000 steps is: 69.0309
Pi is 3.1415926536
Time to calculate Pi in parallel using Monte Carlo with 100000000 guesses is: 26.2089
Pi is 3.1415507793
The first 10 digits of Pi are 3.1415926535
Time to calculate Pi serially with 100000000 steps is: 0.585298
Pi is 3.1415926536
Time to calculate Pi in parallel using atomic with 100000000 steps is: 17.8942
Pi is 3.1415926536
Time to calculate Pi in in parallel using critical with 100000000 steps is: 63.6681
Pi is 3.1415926536
Time to calculate Pi in parallel using Monte Carlo with 100000000 guesses is: 27.8137
Pi is 3.1413984299
The first 10 digits of Pi are 3.1415926535
Time to calculate Pi serially with 100000000 steps is: 0.585564
Pi is 3.1415926536
Time to calculate Pi in parallel using atomic with 100000000 steps is: 21.1993
Pi is 3.1415926536
Time to calculate Pi in in parallel using critical with 100000000 steps is: 65.4961
Pi is 3.1415926536
Time to calculate Pi in parallel using Monte Carlo with 100000000 guesses is: 27.7277
Pi is 3.1413748264
The first 10 digits of Pi are 3.1415926535
Time to calculate Pi serially with 100000000 steps is: 0.585637
Pi is 3.1415926536
Time to calculate Pi in parallel using atomic with 100000000 steps is: 21.7076
Pi is 3.1415926536
Time to calculate Pi in in parallel using critical with 100000000 steps is: 70.99
Pi is 3.1415926536
Time to calculate Pi in parallel using Monte Carlo with 100000000 guesses is: 44.2027
Pi is 3.1414337158
The first 10 digits of Pi are 3.1415926535
Time to calculate Pi serially with 100000000 steps is: 0.585628
Pi is 3.1415926536
Time to calculate Pi in parallel using atomic with 100000000 steps is: 17.2365
Pi is 3.1415926536
Time to calculate Pi in in parallel using critical with 100000000 steps is: 70.9574
Pi is 3.1415926536
Time to calculate Pi in parallel using Monte Carlo with 100000000 guesses is: 27.4838
Pi is 3.1413795948
The first 10 digits of Pi are 3.1415926535
Time to calculate Pi serially with 100000000 steps is: 0.584862
Pi is 3.1415926536
Time to calculate Pi in parallel using atomic with 100000000 steps is: 22.1504
Pi is 3.1415926536
Time to calculate Pi in in parallel using critical with 100000000 steps is: 66.0505
Pi is 3.1415926536
Time to calculate Pi in parallel using Monte Carlo with 100000000 guesses is: 28.3255
Pi is 3.1415314674
The first 10 digits of Pi are 3.1415926535
Time to calculate Pi serially with 100000000 steps is: 0.584847
Pi is 3.1415926536
Time to calculate Pi in parallel using atomic with 100000000 steps is: 20.1364
Pi is 3.1415926536
Time to calculate Pi in in parallel using critical with 100000000 steps is: 67.9174
Pi is 3.1415926536
Time to calculate Pi in parallel using Monte Carlo with 100000000 guesses is: 28.8366
Pi is 3.1415853500
The first 10 digits of Pi are 3.1415926535
Time to calculate Pi serially with 100000000 steps is: 0.58542
Pi is 3.1415926536
Time to calculate Pi in parallel using atomic with 100000000 steps is: 22.347
Pi is 3.1415926536
Time to calculate Pi in in parallel using critical with 100000000 steps is: 73.2149
Pi is 3.1415926536
Time to calculate Pi in parallel using Monte Carlo with 100000000 guesses is: 33.2782
Pi is 3.1413142681
The first 10 digits of Pi are 3.1415926535
Time to calculate Pi serially with 100000000 steps is: 0.585473
Pi is 3.1415926536
Time to calculate Pi in parallel using atomic with 100000000 steps is: 21.7671
Pi is 3.1415926536
Time to calculate Pi in in parallel using critical with 100000000 steps is: 70.6339
Pi is 3.1415926536
Time to calculate Pi in parallel using Monte Carlo with 100000000 guesses is: 40.639
Pi is 3.1414310932
The first 10 digits of Pi are 3.1415926535
Time to calculate Pi serially with 100000000 steps is: 0.584987
Pi is 3.1415926536
Time to calculate Pi in parallel using atomic with 100000000 steps is: 21.7605
Pi is 3.1415926536
Time to calculate Pi in in parallel using critical with 100000000 steps is: 69.4283
Pi is 3.1415926536
Time to calculate Pi in parallel using Monte Carlo with 100000000 guesses is: 31.0935
Pi is 3.1414864063
The first 10 digits of Pi are 3.1415926535
Time to calculate Pi serially with 100000000 steps is: 0.584942
Pi is 3.1415926536
Time to calculate Pi in parallel using atomic with 100000000 steps is: 24.7108
Pi is 3.1415926536
Time to calculate Pi in in parallel using critical with 100000000 steps is: 72.3601
Pi is 3.1415926536
Time to calculate Pi in parallel using Monte Carlo with 100000000 guesses is: 31.6248
Pi is 3.1413655281
The first 10 digits of Pi are 3.1415926535
Time to calculate Pi serially with 100000000 steps is: 0.584983
Pi is 3.1415926536
Time to calculate Pi in parallel using atomic with 100000000 steps is: 21.9912
Pi is 3.1415926536
Time to calculate Pi in in parallel using critical with 100000000 steps is: 74.9227
Pi is 3.1415926536
Time to calculate Pi in parallel using Monte Carlo with 100000000 guesses is: 45.8725
Pi is 3.1413965225
The first 10 digits of Pi are 3.1415926535
Time to calculate Pi serially with 100000000 steps is: 0.584804
Pi is 3.1415926536
Time to calculate Pi in parallel using atomic with 100000000 steps is: 17.5719
Pi is 3.1415926536
Time to calculate Pi in in parallel using critical with 100000000 steps is: 83.7417
Pi is 3.1415926536
Time to calculate Pi in parallel using Monte Carlo with 100000000 guesses is: 37.1451
Pi is 3.1415226460
The first 10 digits of Pi are 3.1415926535
Time to calculate Pi serially with 100000000 steps is: 0.584692
Pi is 3.1415926536
Time to calculate Pi in parallel using atomic with 100000000 steps is: 22.3667
Pi is 3.1415926536
Time to calculate Pi in in parallel using critical with 100000000 steps is: 102.636
Pi is 3.1415926536
Time to calculate Pi in parallel using Monte Carlo with 100000000 guesses is: 59.1057
Pi is 3.1414451599
The first 10 digits of Pi are 3.1415926535
Time to calculate Pi serially with 100000000 steps is: 0.585372
Pi is 3.1415926536
Time to calculate Pi in parallel using atomic with 100000000 steps is: 23.0495
Pi is 3.1415926536
Time to calculate Pi in in parallel using critical with 100000000 steps is: 90.983
Pi is 3.1415926536
Time to calculate Pi in parallel using Monte Carlo with 100000000 guesses is: 72.7835
Pi is 3.1415379047
The first 10 digits of Pi are 3.1415926535
Time to calculate Pi serially with 100000000 steps is: 0.585245
Pi is 3.1415926536
Time to calculate Pi in parallel using atomic with 100000000 steps is: 17.8144
Pi is 3.1415926536
Time to calculate Pi in in parallel using critical with 100000000 steps is: 65.5358
Pi is 3.1415926536
Time to calculate Pi in parallel using Monte Carlo with 100000000 guesses is: 32.8559
Pi is 3.1415884495
The first 10 digits of Pi are 3.1415926535
Time to calculate Pi serially with 100000000 steps is: 0.585752
Pi is 3.1415926536
Time to calculate Pi in parallel using atomic with 100000000 steps is: 21.6621
Pi is 3.1415926536
Time to calculate Pi in in parallel using critical with 100000000 steps is: 63.1815
Pi is 3.1415926536
Time to calculate Pi in parallel using Monte Carlo with 100000000 guesses is: 45.3683
Pi is 3.1414296627
The first 10 digits of Pi are 3.1415926535
Time to calculate Pi serially with 100000000 steps is: 0.585563
Pi is 3.1415926536
Time to calculate Pi in parallel using atomic with 100000000 steps is: 18.6677
Pi is 3.1415926536
Time to calculate Pi in in parallel using critical with 100000000 steps is: 71.1647
Pi is 3.1415926536
Time to calculate Pi in parallel using Monte Carlo with 100000000 guesses is: 32.5614
Pi is 3.1412556171
The first 10 digits of Pi are 3.1415926535
Time to calculate Pi serially with 100000000 steps is: 0.585091
Pi is 3.1415926536
Time to calculate Pi in parallel using atomic with 100000000 steps is: 19.9918
Pi is 3.1415926536
Time to calculate Pi in in parallel using critical with 100000000 steps is: 66.6129
Pi is 3.1415926536
Time to calculate Pi in parallel using Monte Carlo with 100000000 guesses is: 52.3512
Pi is 3.1415817738
The first 10 digits of Pi are 3.1415926535
Time to calculate Pi serially with 100000000 steps is: 0.587076
Pi is 3.1415926536
Time to calculate Pi in parallel using atomic with 100000000 steps is: 25.6858
Pi is 3.1415926536
Time to calculate Pi in in parallel using critical with 100000000 steps is: 77.4571
Pi is 3.1415926536
Time to calculate Pi in parallel using Monte Carlo with 100000000 guesses is: 65.7277
Pi is 3.1415331364
