{  OMP_SCHEDULE = '
OPENMP DISPLAY ENVIRONMENT BEGIN
'
70  OMP_PLACES = 'DYNAMIC{},  OMP_NUM_THREADS = '28
OPENMP DISPLAY ENVIRONMENT BEGIN
70'
{},{71  OMP_PROC_BIND = '},  _OPENMP = '201511'
71{SPREAD'
72  _OPENMP = '201511'
},
OPENMP DISPLAY ENVIRONMENT BEGIN
'

OPENMP DISPLAY ENVIRONMENT BEGIN
  OMP_DYNAMIC = 'FALSE'
},{  OMP_NESTED = 'FALSE'
  OMP_DYNAMIC = 'FALSE'
  OMP_PLACES = '  _OPENMP = '201511'
73
OPENMP DISPLAY ENVIRONMENT BEGIN
  OMP_SCHEDULE = '{  OMP_NUM_THREADS = '28DYNAMIC'

OPENMP DISPLAY ENVIRONMENT BEGIN

OPENMP DISPLAY ENVIRONMENT BEGIN
  _OPENMP = '201511'

OPENMP DISPLAY ENVIRONMENT BEGIN
  _OPENMP = '201511'
  OMP_DYNAMIC = 'FALSE'
  _OPENMP = '201511'
  OMP_NESTED = 'FALSE'
  OMP_NUM_THREADS = '28'
  OMP_DYNAMIC = 'FALSE'
72  OMP_DYNAMIC = 'FALSE'
  OMP_SCHEDULE = '  OMP_NESTED = 'FALSE'
  OMP_NESTED = 'FALSE'
DYNAMIC  OMP_NUM_THREADS = '28'
  OMP_SCHEDULE = '},DYNAMIC{'
73},{74},'
  OMP_NUM_THREADS = '28  OMP_PROC_BIND = 'SPREAD  OMP_PROC_BIND = 'SPREAD'
  OMP_SCHEDULE = ''
{DYNAMIC  OMP_PLACES = ''
'
  OMP_PLACES = '75},{  OMP_PROC_BIND = '42},{{{43SPREAD},{76},44},98},'
  OMP_PLACES = '{{7714},{{15{4599},},{},{7816},},},{46{{79},{{4717},{},{1848},100},},{101},{{80},},{{81},49},{{50102},},{{82},{{5110383},},19},},{{2052{104{},},},84{21{53},},{22},{{{105},{2354},},},{85{55},{56},{106},24{57},{{107},},{86},58},{{{87},108},25},{},{{88},{{89109},{902659},},{},110{},{{27},{},{286091111},{},{},},{61},29{},92{112{62},{30},},{63{},31},{113{93},},{94},{{64},95},{114},{{9632},},{97}'
  OMP_STACKSIZE = '0'
  OMP_WAIT_POLICY = 'PASSIVE'
  OMP_THREAD_LIMIT = '4294967295'
  OMP_MAX_ACTIVE_LEVELS = '2147483647'
},{{115},3365},{},34},  OMP_CANCELLATION = 'FALSE'
{  OMP_DEFAULT_DEVICE = '0'
{116{3566  OMP_MAX_TASK_PRIORITY = '0'
  OMP_DISPLAY_AFFINITY = 'FALSE'
},  OMP_AFFINITY_FORMAT = 'level %L thread %i affinity %A'
{},117OPENMP DISPLAY ENVIRONMENT END
{},36},{118{67},{119},{120},},{},{{3768121},},{{12269},{}'
},  OMP_STACKSIZE = '0'
  OMP_WAIT_POLICY = 'PASSIVE'
  OMP_THREAD_LIMIT = '4294967295'
{123},{124},{125}38},{},
OPENMP DISPLAY ENVIRONMENT BEGIN
  OMP_DYNAMIC = 'FALSE'
  _OPENMP = '201511'
  OMP_NESTED = 'FALSE'
{  OMP_SCHEDULE = '  OMP_NESTED = 'FALSE'
'
'
DYNAMIC'
  OMP_PROC_BIND = '  OMP_PROC_BIND = '39{7498  OMP_MAX_ACTIVE_LEVELS = '2147483647'

OPENMP DISPLAY ENVIRONMENT BEGIN
  OMP_NUM_THREADS = '28  _OPENMP = '201511'
  _OPENMP = '201511'
  OMP_DYNAMIC = 'FALSE'
},  _OPENMP = '201511'
SPREAD  OMP_STACKSIZE = '0'
},  OMP_CANCELLATION = 'FALSE'
  OMP_DYNAMIC = 'FALSE'
{SPREAD'
'
  OMP_NUM_THREADS = '28  OMP_WAIT_POLICY = 'PASSIVE'
75  OMP_DYNAMIC = 'FALSE'
  OMP_NESTED = 'FALSE'
  OMP_DYNAMIC = 'FALSE'
  OMP_PLACES = '  OMP_DEFAULT_DEVICE = '0'
{  OMP_NESTED = 'FALSE'
  OMP_THREAD_LIMIT = '4294967295'

OPENMP DISPLAY ENVIRONMENT BEGIN
  OMP_MAX_TASK_PRIORITY = '0'
  OMP_SCHEDULE = '},84{},  OMP_NUM_THREADS = '28  OMP_NESTED = 'FALSE'
  _OPENMP = '201511'
  OMP_MAX_ACTIVE_LEVELS = '2147483647'
'
'
DYNAMIC  OMP_DYNAMIC = 'FALSE'
'
{},  OMP_NUM_THREADS = '28  OMP_DISPLAY_AFFINITY = 'FALSE'
40  OMP_NESTED = 'FALSE'
  OMP_CANCELLATION = 'FALSE'
{76  OMP_PROC_BIND = '  OMP_AFFINITY_FORMAT = 'level %L thread %i affinity %A'
  OMP_NESTED = 'FALSE'
},  OMP_PLACES = ''
  OMP_DEFAULT_DEVICE = '0'
OPENMP DISPLAY ENVIRONMENT END
{{},85  OMP_SCHEDULE = '{  OMP_NUM_THREADS = '28},{  OMP_MAX_TASK_PRIORITY = '0'
  OMP_SCHEDULE = '41'
{SPREAD  OMP_NUM_THREADS = '2856  OMP_DISPLAY_AFFINITY = 'FALSE'
86'
'
},DYNAMIC}  OMP_AFFINITY_FORMAT = 'level %L thread %i affinity %A'
'
  OMP_NUM_THREADS = '28{99  OMP_SCHEDULE = ''
7787DYNAMICOPENMP DISPLAY ENVIRONMENT END
  OMP_STACKSIZE = '0'
  OMP_WAIT_POLICY = 'PASSIVE'
  OMP_THREAD_LIMIT = '4294967295'
  OMP_MAX_ACTIVE_LEVELS = '2147483647'
  OMP_CANCELLATION = 'FALSE'
  OMP_DEFAULT_DEVICE = '0'
  OMP_MAX_TASK_PRIORITY = '0'
  OMP_DISPLAY_AFFINITY = 'FALSE'
  OMP_AFFINITY_FORMAT = 'level %L thread %i affinity %A'
OPENMP DISPLAY ENVIRONMENT END
},},'
  OMP_PLACES = '{},'
DYNAMIC'
{},78  OMP_SCHEDULE = '},'
  OMP_PROC_BIND = 'DYNAMIC  OMP_PROC_BIND = '88{{SPREAD'
  OMP_SCHEDULE = '  OMP_PROC_BIND = '79  OMP_PROC_BIND = '28SPREAD  OMP_SCHEDULE = ''
},SPREAD'
DYNAMICSPREAD'
},  OMP_PLACES = 'DYNAMIC'
'
  OMP_PLACES = '  OMP_PLACES = '{},{  OMP_PLACES = '{{  OMP_PROC_BIND = ''
  OMP_PROC_BIND = 'SPREAD'
  OMP_PLACES = '{056{84{},84},},{5680{{},SPREAD185{},},5757},29},},{},{{86},81{},{{89},},{'
{8730{2},58},{{},{3},{4},{5{{8885},58  OMP_PLACES = '},},{{31},},8286{9089},{{},91},},59{{92},{{},930},{{909460},{95},},},{},96{57{},{},61{},97{{{{62321{83},},6},5991},{},},{},98},{99{},{763},{{},100{},84{87{{6410192},},{{10265},},{103},},},{{66{},2{},},{8},{9},{10},{1133{{},{104},},85},93{},10567{{},},},{{8612{{94{},106},},},60334{},{88{95},68{},107{},96},},{},108},{109},{{},110{},{{{111{},{8987},{9069{4},9735},}},{},},},{70{{91},{{13{'
},  OMP_STACKSIZE = '0'
88589892},{93},},{},5{},  OMP_WAIT_POLICY = 'PASSIVE'
},617194{},},{99{{  OMP_THREAD_LIMIT = '4294967295'
89  OMP_MAX_ACTIVE_LEVELS = '2147483647'
},{{},},36},14{6272  OMP_CANCELLATION = 'FALSE'
},},{},{{{{90{73  OMP_DEFAULT_DEVICE = '0'
},  OMP_MAX_TASK_PRIORITY = '0'
100  OMP_DISPLAY_AFFINITY = 'FALSE'
},  OMP_AFFINITY_FORMAT = 'level %L thread %i affinity %A'
{91OPENMP DISPLAY ENVIRONMENT END
{},},{10159},{{60},{7461},{},62},{},{92},{1009363},{{},},64{},{10265{},{66},},{9415695{},67},},{{68},{69},{{70},{{71},75{72},103{73},},{74},},{75},{{76},},{9537{6376},},},{},7{{38},},{77},},10496},{97{},},7764{},{},},{{{39105{78},},{8{96},{97}'
  OMP_STACKSIZE = '0'
  OMP_WAIT_POLICY = 'PASSIVE'
  OMP_THREAD_LIMIT = '4294967295'
  OMP_MAX_ACTIVE_LEVELS = '2147483647'
  OMP_CANCELLATION = 'FALSE'
  OMP_DEFAULT_DEVICE = '0'
{79{98},1610665  OMP_MAX_TASK_PRIORITY = '0'
},{},{  OMP_DISPLAY_AFFINITY = 'FALSE'
80},{},81},{7882},{{83}  OMP_AFFINITY_FORMAT = 'level %L thread %i affinity %A'
'
},},{  OMP_STACKSIZE = '0'
  OMP_WAIT_POLICY = 'PASSIVE'
{  OMP_THREAD_LIMIT = '4294967295'
  OMP_MAX_ACTIVE_LEVELS = '2147483647'
  OMP_CANCELLATION = 'FALSE'
OPENMP DISPLAY ENVIRONMENT END
  OMP_DEFAULT_DEVICE = '0'
},  OMP_MAX_TASK_PRIORITY = '0'
107{{101},  OMP_DISPLAY_AFFINITY = 'FALSE'
  OMP_AFFINITY_FORMAT = 'level %L thread %i affinity %A'
OPENMP DISPLAY ENVIRONMENT END
{102},{79},},66{},},{{{103},{104},{10817{},940},},105},{106},{107},99},{{{108},{80},},18{{},67{41{},{10981},{110},},{10111{},},109{82{},68},{{112},{{113},{114},{115},{116},{117},{83118},},{19},},110100}},{20},{{{},21{42'
},{},{101},{111{119},},}69{120},10222{'
121  OMP_STACKSIZE = '0'
},{  OMP_STACKSIZE = '0'
122  OMP_WAIT_POLICY = 'PASSIVE'
},  OMP_WAIT_POLICY = 'PASSIVE'
{123},{124},{125}'
  OMP_STACKSIZE = '0'
  OMP_WAIT_POLICY = 'PASSIVE'
  OMP_THREAD_LIMIT = '4294967295'
  OMP_MAX_ACTIVE_LEVELS = '2147483647'
  OMP_CANCELLATION = 'FALSE'
  OMP_DEFAULT_DEVICE = '0'
  OMP_THREAD_LIMIT = '4294967295'
  OMP_MAX_TASK_PRIORITY = '0'
  OMP_DISPLAY_AFFINITY = 'FALSE'
  OMP_MAX_ACTIVE_LEVELS = '2147483647'
  OMP_AFFINITY_FORMAT = 'level %L thread %i affinity %A'
OPENMP DISPLAY ENVIRONMENT END
  OMP_THREAD_LIMIT = '4294967295'
},  OMP_CANCELLATION = 'FALSE'
},  OMP_DEFAULT_DEVICE = '0'
{  OMP_MAX_ACTIVE_LEVELS = '2147483647'
},{  OMP_CANCELLATION = 'FALSE'
{1123},{24},{25  OMP_MAX_TASK_PRIORITY = '0'
{},},  OMP_DISPLAY_AFFINITY = 'FALSE'
103  OMP_DEFAULT_DEVICE = '0'
{{70  OMP_MAX_TASK_PRIORITY = '0'
26  OMP_AFFINITY_FORMAT = 'level %L thread %i affinity %A'
43  OMP_DISPLAY_AFFINITY = 'FALSE'
},  OMP_AFFINITY_FORMAT = 'level %L thread %i affinity %A'
},OPENMP DISPLAY ENVIRONMENT END
},OPENMP DISPLAY ENVIRONMENT END
{12},},{13},{2714},{15{},{16{},}{{17},104{18},{'
19},{},20  OMP_STACKSIZE = '0'
},{{  OMP_WAIT_POLICY = 'PASSIVE'
21},{4422},{  OMP_THREAD_LIMIT = '4294967295'
23},{10524  OMP_MAX_ACTIVE_LEVELS = '2147483647'
},},{},25},{26{},{27}71'
  OMP_STACKSIZE = '0'
  OMP_CANCELLATION = 'FALSE'
  OMP_WAIT_POLICY = 'PASSIVE'
{  OMP_THREAD_LIMIT = '4294967295'
106  OMP_MAX_ACTIVE_LEVELS = '2147483647'
  OMP_CANCELLATION = 'FALSE'
  OMP_DEFAULT_DEVICE = '0'
  OMP_MAX_TASK_PRIORITY = '0'
  OMP_DISPLAY_AFFINITY = 'FALSE'
  OMP_AFFINITY_FORMAT = 'level %L thread %i affinity %A'
  OMP_DEFAULT_DEVICE = '0'
OPENMP DISPLAY ENVIRONMENT END
45},},  OMP_MAX_TASK_PRIORITY = '0'
{107},{  OMP_DISPLAY_AFFINITY = 'FALSE'
  OMP_AFFINITY_FORMAT = 'level %L thread %i affinity %A'
OPENMP DISPLAY ENVIRONMENT END
},{{46},{47},72108{},{73},{74},{75},{48},{49},{50},{5176},{109},{110},{111}'
  OMP_STACKSIZE = '0'
  OMP_WAIT_POLICY = 'PASSIVE'
  OMP_THREAD_LIMIT = '4294967295'
  OMP_MAX_ACTIVE_LEVELS = '2147483647'
},{77},{52},},  OMP_CANCELLATION = 'FALSE'
{53{  OMP_DEFAULT_DEVICE = '0'
},{78},54},{55}'
{  OMP_MAX_TASK_PRIORITY = '0'
  OMP_STACKSIZE = '0'
79  OMP_DISPLAY_AFFINITY = 'FALSE'
  OMP_WAIT_POLICY = 'PASSIVE'
  OMP_AFFINITY_FORMAT = 'level %L thread %i affinity %A'
OPENMP DISPLAY ENVIRONMENT END
},{80},{81},{82},{83}  OMP_THREAD_LIMIT = '4294967295'
'
  OMP_MAX_ACTIVE_LEVELS = '2147483647'
  OMP_CANCELLATION = 'FALSE'
  OMP_STACKSIZE = '0'
  OMP_WAIT_POLICY = 'PASSIVE'
  OMP_DEFAULT_DEVICE = '0'
  OMP_THREAD_LIMIT = '4294967295'
  OMP_MAX_ACTIVE_LEVELS = '2147483647'
  OMP_CANCELLATION = 'FALSE'
  OMP_DEFAULT_DEVICE = '0'
  OMP_MAX_TASK_PRIORITY = '0'
  OMP_DISPLAY_AFFINITY = 'FALSE'
  OMP_AFFINITY_FORMAT = 'level %L thread %i affinity %A'
  OMP_MAX_TASK_PRIORITY = '0'
  OMP_DISPLAY_AFFINITY = 'FALSE'
OPENMP DISPLAY ENVIRONMENT END
  OMP_AFFINITY_FORMAT = 'level %L thread %i affinity %A'
OPENMP DISPLAY ENVIRONMENT END
